
Lmod is automatically replacing "intel/2020.1.217" with "gcc/9.3.0".


Due to MODULEPATH changes, the following have been reloaded:
  1) libfabric/1.10.1     2) openmpi/4.0.3     3) ucx/1.8.0

created virtual environment CPython3.8.10.final.0-64 in 4172ms
  creator CPython3Posix(dest=/local/kyang.6855846.0/env, clear=False, no_vcs_ignore=False, global=False)
  seeder FromAppData(download=False, pip=bundle, setuptools=bundle, wheel=bundle, via=copy, app_data_dir=/home/kyang/.local/share/virtualenv)
    added seed packages: pip==23.1, setuptools==67.6.1, wheel==0.40.0
  activators BashActivator,CShellActivator,FishActivator,NushellActivator,PowerShellActivator,PythonActivator
Looking in links: /cvmfs/soft.computecanada.ca/custom/python/wheelhouse/gentoo/avx2, /cvmfs/soft.computecanada.ca/custom/python/wheelhouse/gentoo/generic, /cvmfs/soft.computecanada.ca/custom/python/wheelhouse/generic
Requirement already satisfied: pip in /local/kyang.6855846.0/env/lib/python3.8/site-packages (23.1)
Looking in links: /cvmfs/soft.computecanada.ca/custom/python/wheelhouse/gentoo/avx2, /cvmfs/soft.computecanada.ca/custom/python/wheelhouse/gentoo/generic, /cvmfs/soft.computecanada.ca/custom/python/wheelhouse/generic
Processing /cvmfs/soft.computecanada.ca/custom/python/wheelhouse/generic/bed_reader-0.2.5+computecanada-cp38-cp38-linux_x86_64.whl
Requirement already satisfied: numpy in /cvmfs/soft.computecanada.ca/easybuild/software/2020/avx2/Core/scipy-stack/2023a/lib/python3.8/site-packages (1.24.2+computecanada)
Processing /cvmfs/soft.computecanada.ca/custom/python/wheelhouse/generic/sklearn-0.0+computecanada-py2.py3-none-any.whl
Requirement already satisfied: matplotlib in /cvmfs/soft.computecanada.ca/easybuild/software/2020/avx2/Core/scipy-stack/2023a/lib/python3.8/site-packages (3.7.0+computecanada)
Requirement already satisfied: scipy in /cvmfs/soft.computecanada.ca/easybuild/software/2020/avx2/Core/scipy-stack/2023a/lib/python3.8/site-packages (1.10.1+computecanada)
Processing /cvmfs/soft.computecanada.ca/custom/python/wheelhouse/gentoo/generic/numba-0.56.3+computecanada-cp38-cp38-linux_x86_64.whl
Processing /cvmfs/soft.computecanada.ca/custom/python/wheelhouse/generic/multiprocess-0.70.14+computecanada-cp38-cp38-linux_x86_64.whl
Processing /cvmfs/soft.computecanada.ca/custom/python/wheelhouse/gentoo/generic/scikit_learn-1.2.1+computecanada-cp38-cp38-linux_x86_64.whl
Processing /cvmfs/soft.computecanada.ca/custom/python/wheelhouse/gentoo/generic/cupy-12.0.0+computecanada-cp38-cp38-linux_x86_64.whl
Processing /cvmfs/soft.computecanada.ca/custom/python/wheelhouse/generic/rpy2-3.1.0+computecanada-py3-none-any.whl
Requirement already satisfied: pandas>=0.25.1 in /cvmfs/soft.computecanada.ca/easybuild/software/2020/avx2/Core/scipy-stack/2023a/lib/python3.8/site-packages (from bed-reader) (1.5.3+computecanada)
Processing /cvmfs/soft.computecanada.ca/custom/python/wheelhouse/generic/pooch-1.6.0+computecanada-py3-none-any.whl (from bed-reader)
Requirement already satisfied: contourpy>=1.0.1 in /cvmfs/soft.computecanada.ca/easybuild/software/2020/avx2/Core/scipy-stack/2023a/lib/python3.8/site-packages (from matplotlib) (1.0.7+computecanada)
Requirement already satisfied: cycler>=0.10 in /cvmfs/soft.computecanada.ca/easybuild/software/2020/avx2/Core/scipy-stack/2023a/lib/python3.8/site-packages (from matplotlib) (0.11.0+computecanada)
Requirement already satisfied: fonttools>=4.22.0 in /cvmfs/soft.computecanada.ca/easybuild/software/2020/avx2/Core/scipy-stack/2023a/lib/python3.8/site-packages (from matplotlib) (4.38.0+computecanada)
Requirement already satisfied: kiwisolver>=1.0.1 in /cvmfs/soft.computecanada.ca/easybuild/software/2020/avx2/Core/scipy-stack/2023a/lib/python3.8/site-packages (from matplotlib) (1.4.4+computecanada)
Requirement already satisfied: packaging>=20.0 in /cvmfs/soft.computecanada.ca/easybuild/software/2020/avx2/Core/python-build-bundle/2023a/lib/python3.8/site-packages (from matplotlib) (23.0)
Requirement already satisfied: pillow>=6.2.0 in /cvmfs/soft.computecanada.ca/easybuild/software/2020/avx2/Core/scipy-stack/2023a/lib/python3.8/site-packages (from matplotlib) (9.4.0+computecanada)
Requirement already satisfied: pyparsing>=2.3.1 in /cvmfs/soft.computecanada.ca/easybuild/software/2020/avx2/Core/python-build-bundle/2023a/lib/python3.8/site-packages (from matplotlib) (3.0.9)
Requirement already satisfied: python-dateutil>=2.7 in /cvmfs/soft.computecanada.ca/easybuild/software/2020/avx2/Core/ipykernel/2023a/lib/python3.8/site-packages (from matplotlib) (2.8.2+computecanada)
Requirement already satisfied: importlib-resources>=3.2.0 in /cvmfs/soft.computecanada.ca/easybuild/software/2020/avx2/Core/scipy-stack/2023a/lib/python3.8/site-packages (from matplotlib) (5.12.0+computecanada)
Processing /cvmfs/soft.computecanada.ca/custom/python/wheelhouse/gentoo/avx2/llvmlite-0.39.1+computecanada-cp38-cp38-linux_x86_64.whl (from numba)
Processing /cvmfs/soft.computecanada.ca/custom/python/wheelhouse/gentoo/generic/numpy-1.23.0+computecanada-cp38-cp38-linux_x86_64.whl
Requirement already satisfied: setuptools in /local/kyang.6855846.0/env/lib/python3.8/site-packages (from numba) (67.6.1)
Requirement already satisfied: importlib-metadata in /cvmfs/soft.computecanada.ca/easybuild/software/2020/avx2/Core/python-build-bundle/2023a/lib/python3.8/site-packages (from numba) (6.0.0)
Processing /cvmfs/soft.computecanada.ca/custom/python/wheelhouse/generic/dill-0.3.6+computecanada-py3-none-any.whl (from multiprocess)
INFO: pip is looking at multiple versions of scikit-learn to determine which version is compatible with other requirements. This could take a while.
Processing /cvmfs/soft.computecanada.ca/custom/python/wheelhouse/gentoo/generic/scikit_learn-1.1.2+computecanada-cp38-cp38-linux_x86_64.whl
Processing /cvmfs/soft.computecanada.ca/custom/python/wheelhouse/generic/joblib-1.2.0+computecanada-py3-none-any.whl (from scikit-learn)
Processing /cvmfs/soft.computecanada.ca/custom/python/wheelhouse/generic/threadpoolctl-3.1.0+computecanada-py3-none-any.whl (from scikit-learn)
Processing /cvmfs/soft.computecanada.ca/custom/python/wheelhouse/generic/fastrlock-0.8.1+computecanada-cp38-cp38-linux_x86_64.whl (from cupy)
Processing /cvmfs/soft.computecanada.ca/custom/python/wheelhouse/generic/pytest-7.2.2+computecanada-py3-none-any.whl (from rpy2)
Requirement already satisfied: jinja2 in /cvmfs/soft.computecanada.ca/easybuild/software/2020/avx2/Core/scipy-stack/2023a/lib/python3.8/site-packages (from rpy2) (3.1.2+computecanada)
Requirement already satisfied: pytz in /cvmfs/soft.computecanada.ca/easybuild/software/2020/avx2/Core/scipy-stack/2023a/lib/python3.8/site-packages (from rpy2) (2022.7.1+computecanada)
Requirement already satisfied: simplegeneric in /cvmfs/soft.computecanada.ca/easybuild/software/2020/avx2/Core/scipy-stack/2023a/lib/python3.8/site-packages (from rpy2) (0.8.1+computecanada)
Processing /cvmfs/soft.computecanada.ca/custom/python/wheelhouse/generic/tzlocal-4.2+computecanada-py3-none-any.whl (from rpy2)
Requirement already satisfied: cffi>=1.0.0 in /cvmfs/soft.computecanada.ca/easybuild/software/2020/avx2/Core/python-build-bundle/2023a/lib/python3.8/site-packages (from rpy2) (1.15.1)
Requirement already satisfied: pycparser in /cvmfs/soft.computecanada.ca/easybuild/software/2020/avx2/Core/python-build-bundle/2023a/lib/python3.8/site-packages (from cffi>=1.0.0->rpy2) (2.21)
Requirement already satisfied: zipp>=3.1.0 in /cvmfs/soft.computecanada.ca/easybuild/software/2020/avx2/Core/python-build-bundle/2023a/lib/python3.8/site-packages (from importlib-resources>=3.2.0->matplotlib) (3.14.0)
Processing /cvmfs/soft.computecanada.ca/custom/python/wheelhouse/generic/appdirs-1.4.4+computecanada-py2.py3-none-any.whl (from pooch>=1.1.1->bed-reader)
Requirement already satisfied: requests>=2.19.0 in /cvmfs/soft.computecanada.ca/easybuild/software/2020/avx2/Core/python-build-bundle/2023a/lib/python3.8/site-packages (from pooch>=1.1.1->bed-reader) (2.28.2)
Requirement already satisfied: six>=1.5 in /cvmfs/soft.computecanada.ca/easybuild/software/2020/avx2/Core/ipykernel/2023a/lib/python3.8/site-packages (from python-dateutil>=2.7->matplotlib) (1.16.0+computecanada)
Requirement already satisfied: MarkupSafe>=2.0 in /cvmfs/soft.computecanada.ca/easybuild/software/2020/avx2/Core/scipy-stack/2023a/lib/python3.8/site-packages (from jinja2->rpy2) (2.1.2+computecanada)
Requirement already satisfied: attrs>=19.2.0 in /cvmfs/soft.computecanada.ca/easybuild/software/2020/avx2/Core/scipy-stack/2023a/lib/python3.8/site-packages (from pytest->rpy2) (22.2.0+computecanada)
Processing /cvmfs/soft.computecanada.ca/custom/python/wheelhouse/generic/iniconfig-2.0.0+computecanada-py3-none-any.whl (from pytest->rpy2)
Processing /cvmfs/soft.computecanada.ca/custom/python/wheelhouse/generic/pluggy-1.0.0+computecanada-py2.py3-none-any.whl (from pytest->rpy2)
Processing /cvmfs/soft.computecanada.ca/custom/python/wheelhouse/generic/exceptiongroup-1.1.1+computecanada-py3-none-any.whl (from pytest->rpy2)
Requirement already satisfied: tomli>=1.0.0 in /cvmfs/soft.computecanada.ca/easybuild/software/2020/avx2/Core/python-build-bundle/2023a/lib/python3.8/site-packages (from pytest->rpy2) (2.0.1)
Processing /cvmfs/soft.computecanada.ca/custom/python/wheelhouse/generic/pytz_deprecation_shim-0.1.0.post0+computecanada-py2.py3-none-any.whl (from tzlocal->rpy2)
INFO: pip is looking at multiple versions of tzlocal to determine which version is compatible with other requirements. This could take a while.
Processing /cvmfs/soft.computecanada.ca/custom/python/wheelhouse/generic/tzlocal-2.1+computecanada-py2.py3-none-any.whl (from rpy2)
Requirement already satisfied: charset-normalizer<4,>=2 in /cvmfs/soft.computecanada.ca/easybuild/software/2020/avx2/Core/python-build-bundle/2023a/lib/python3.8/site-packages (from requests>=2.19.0->pooch>=1.1.1->bed-reader) (3.0.1)
Requirement already satisfied: idna<4,>=2.5 in /cvmfs/soft.computecanada.ca/easybuild/software/2020/avx2/Core/python-build-bundle/2023a/lib/python3.8/site-packages (from requests>=2.19.0->pooch>=1.1.1->bed-reader) (3.4)
Requirement already satisfied: urllib3<1.27,>=1.21.1 in /cvmfs/soft.computecanada.ca/easybuild/software/2020/avx2/Core/python-build-bundle/2023a/lib/python3.8/site-packages (from requests>=2.19.0->pooch>=1.1.1->bed-reader) (1.26.14)
Requirement already satisfied: certifi>=2017.4.17 in /cvmfs/soft.computecanada.ca/easybuild/software/2020/avx2/Core/python-build-bundle/2023a/lib/python3.8/site-packages (from requests>=2.19.0->pooch>=1.1.1->bed-reader) (2022.12.7)
Installing collected packages: fastrlock, appdirs, tzlocal, threadpoolctl, pluggy, numpy, llvmlite, joblib, iniconfig, exceptiongroup, dill, pytest, pooch, numba, multiprocess, cupy, scikit-learn, rpy2, bed-reader, sklearn
  Attempting uninstall: numpy
    Found existing installation: numpy 1.24.2+computecanada
    Not uninstalling numpy at /cvmfs/soft.computecanada.ca/easybuild/software/2020/avx2/Core/scipy-stack/2023a/lib/python3.8/site-packages, outside environment /local/kyang.6855846.0/env
    Can't uninstall 'numpy'. No files were found to uninstall.
Successfully installed appdirs-1.4.4+computecanada bed-reader-0.2.5+computecanada cupy-12.0.0+computecanada dill-0.3.6+computecanada exceptiongroup-1.1.1+computecanada fastrlock-0.8.1+computecanada iniconfig-2.0.0+computecanada joblib-1.2.0+computecanada llvmlite-0.39.1+computecanada multiprocess-0.70.14+computecanada numba-0.56.3+computecanada numpy-1.23.0+computecanada pluggy-1.0.0+computecanada pooch-1.6.0+computecanada pytest-7.2.2+computecanada rpy2-3.1.0+computecanada scikit-learn-1.1.2+computecanada sklearn-0.0+computecanada threadpoolctl-3.1.0+computecanada tzlocal-2.1+computecanada
WARNING: Requirement '/home/kyang/KDEpy-1.1.0+computecanada-cp38-cp38-linux_x86_64.whl' looks like a filename, but the file does not exist
Looking in links: /cvmfs/soft.computecanada.ca/custom/python/wheelhouse/gentoo/avx2, /cvmfs/soft.computecanada.ca/custom/python/wheelhouse/gentoo/generic, /cvmfs/soft.computecanada.ca/custom/python/wheelhouse/generic
Processing /home/kyang/KDEpy-1.1.0+computecanada-cp38-cp38-linux_x86_64.whl
ERROR: Could not install packages due to an OSError: [Errno 2] No such file or directory: '/home/kyang/KDEpy-1.1.0+computecanada-cp38-cp38-linux_x86_64.whl'

Looking in links: /cvmfs/soft.computecanada.ca/custom/python/wheelhouse/gentoo/avx2, /cvmfs/soft.computecanada.ca/custom/python/wheelhouse/gentoo/generic, /cvmfs/soft.computecanada.ca/custom/python/wheelhouse/generic
Processing /home/kyang/nonconvexAG-1.0.6+computecanada-py3-none-any.whl
Requirement already satisfied: numpy>=1.16.6 in /local/kyang.6855846.0/env/lib/python3.8/site-packages (from nonconvexAG==1.0.6+computecanada) (1.23.0+computecanada)
Requirement already satisfied: numba>=0.54.1 in /local/kyang.6855846.0/env/lib/python3.8/site-packages (from nonconvexAG==1.0.6+computecanada) (0.56.3+computecanada)
Requirement already satisfied: multiprocess>=0.70.6 in /local/kyang.6855846.0/env/lib/python3.8/site-packages (from nonconvexAG==1.0.6+computecanada) (0.70.14+computecanada)
Requirement already satisfied: dill>=0.3.6 in /local/kyang.6855846.0/env/lib/python3.8/site-packages (from multiprocess>=0.70.6->nonconvexAG==1.0.6+computecanada) (0.3.6+computecanada)
Requirement already satisfied: llvmlite<0.40,>=0.39.0dev0 in /local/kyang.6855846.0/env/lib/python3.8/site-packages (from numba>=0.54.1->nonconvexAG==1.0.6+computecanada) (0.39.1+computecanada)
Requirement already satisfied: setuptools in /local/kyang.6855846.0/env/lib/python3.8/site-packages (from numba>=0.54.1->nonconvexAG==1.0.6+computecanada) (67.6.1)
Requirement already satisfied: importlib-metadata in /cvmfs/soft.computecanada.ca/easybuild/software/2020/avx2/Core/python-build-bundle/2023a/lib/python3.8/site-packages (from numba>=0.54.1->nonconvexAG==1.0.6+computecanada) (6.0.0)
Requirement already satisfied: zipp>=0.5 in /cvmfs/soft.computecanada.ca/easybuild/software/2020/avx2/Core/python-build-bundle/2023a/lib/python3.8/site-packages (from importlib-metadata->numba>=0.54.1->nonconvexAG==1.0.6+computecanada) (3.14.0)
Installing collected packages: nonconvexAG
Successfully installed nonconvexAG-1.0.6+computecanada
WARNING: Requirement '/home/kyang/fastHDMI-1.18.20+computecanada-py3-none-any.whl' looks like a filename, but the file does not exist
Looking in links: /cvmfs/soft.computecanada.ca/custom/python/wheelhouse/gentoo/avx2, /cvmfs/soft.computecanada.ca/custom/python/wheelhouse/gentoo/generic, /cvmfs/soft.computecanada.ca/custom/python/wheelhouse/generic
Processing /home/kyang/fastHDMI-1.18.20+computecanada-py3-none-any.whl
ERROR: Could not install packages due to an OSError: [Errno 2] No such file or directory: '/home/kyang/fastHDMI-1.18.20+computecanada-py3-none-any.whl'

NVIDIA-SMI has failed because it couldn't communicate with the NVIDIA driver. Make sure that the latest NVIDIA driver is installed and running.

Architecture:        x86_64
CPU op-mode(s):      32-bit, 64-bit
Byte Order:          Little Endian
Address sizes:       46 bits physical, 48 bits virtual
CPU(s):              40
On-line CPU(s) list: 0-39
Thread(s) per core:  1
Core(s) per socket:  20
Socket(s):           2
NUMA node(s):        2
Vendor ID:           GenuineIntel
CPU family:          6
Model:               85
Model name:          Intel(R) Xeon(R) Gold 6230 CPU @ 2.10GHz
Stepping:            7
CPU MHz:             2099.871
CPU max MHz:         3900.0000
CPU min MHz:         800.0000
BogoMIPS:            4200.00
Virtualization:      VT-x
L1d cache:           32K
L1i cache:           32K
L2 cache:            1024K
L3 cache:            28160K
NUMA node0 CPU(s):   0,2,4,6,8,10,12,14,16,18,20,22,24,26,28,30,32,34,36,38
NUMA node1 CPU(s):   1,3,5,7,9,11,13,15,17,19,21,23,25,27,29,31,33,35,37,39
Flags:               fpu vme de pse tsc msr pae mce cx8 apic sep mtrr pge mca cmov pat pse36 clflush dts acpi mmx fxsr sse sse2 ss ht tm pbe syscall nx pdpe1gb rdtscp lm constant_tsc art arch_perfmon pebs bts rep_good nopl xtopology nonstop_tsc aperfmperf eagerfpu pni pclmulqdq dtes64 monitor ds_cpl vmx smx est tm2 ssse3 sdbg fma cx16 xtpr pdcm pcid dca sse4_1 sse4_2 x2apic movbe popcnt tsc_deadline_timer aes xsave avx f16c rdrand lahf_lm abm 3dnowprefetch epb cat_l3 cdp_l3 invpcid_single intel_ppin ssbd mba rsb_ctxsw ibrs ibpb stibp ibrs_enhanced tpr_shadow vnmi flexpriority ept vpid fsgsbase tsc_adjust bmi1 hle avx2 smep bmi2 erms invpcid rtm cqm mpx rdt_a avx512f avx512dq rdseed adx smap clflushopt clwb intel_pt avx512cd avx512bw avx512vl xsaveopt xsavec xgetbv1 cqm_llc cqm_occup_llc cqm_mbm_total cqm_mbm_local dtherm ida arat pln pts pku ospke avx512_vnni md_clear spec_ctrl intel_stibp flush_l1d arch_capabilities
running ABIDE_PCA.py
Traceback (most recent call last):
  File "ABIDE_PCA.py", line 5, in <module>
    from dask import dataframe as dd
ModuleNotFoundError: No module named 'dask'
