
Lmod is automatically replacing "intel/2020.1.217" with "gcc/9.3.0".


Due to MODULEPATH changes, the following have been reloaded:
  1) libfabric/1.10.1     2) openmpi/4.0.3     3) ucx/1.8.0

created virtual environment CPython3.8.10.final.0-64 in 1018ms
  creator CPython3Posix(dest=/local/kyang.4019923.0/env, clear=False, no_vcs_ignore=False, global=False)
  seeder FromAppData(download=False, pip=bundle, setuptools=bundle, wheel=bundle, via=copy, app_data_dir=/home/kyang/.local/share/virtualenv)
    added seed packages: pip==22.3.1, setuptools==66.1.1, wheel==0.38.4+computecanada
  activators BashActivator,CShellActivator,FishActivator,NushellActivator,PowerShellActivator,PythonActivator
Looking in links: /cvmfs/soft.computecanada.ca/custom/python/wheelhouse/gentoo/avx2, /cvmfs/soft.computecanada.ca/custom/python/wheelhouse/gentoo/generic, /cvmfs/soft.computecanada.ca/custom/python/wheelhouse/generic
Requirement already satisfied: pip in /local/kyang.4019923.0/env/lib/python3.8/site-packages (22.3.1)
Processing /cvmfs/soft.computecanada.ca/custom/python/wheelhouse/generic/pip-23.0+computecanada-py3-none-any.whl
Installing collected packages: pip
  Attempting uninstall: pip
    Found existing installation: pip 22.3.1
    Uninstalling pip-22.3.1:
      Successfully uninstalled pip-22.3.1
Successfully installed pip-23.0+computecanada
Looking in links: /cvmfs/soft.computecanada.ca/custom/python/wheelhouse/gentoo/avx2, /cvmfs/soft.computecanada.ca/custom/python/wheelhouse/gentoo/generic, /cvmfs/soft.computecanada.ca/custom/python/wheelhouse/generic
Processing /cvmfs/soft.computecanada.ca/custom/python/wheelhouse/generic/bed_reader-0.2.5+computecanada-cp38-cp38-linux_x86_64.whl
Requirement already satisfied: numpy in /cvmfs/soft.computecanada.ca/easybuild/software/2020/avx2/Core/scipy-stack/2022a/lib/python3.8/site-packages (1.22.2+computecanada)
Processing /cvmfs/soft.computecanada.ca/custom/python/wheelhouse/generic/sklearn-0.0+computecanada-py2.py3-none-any.whl
Requirement already satisfied: matplotlib in /cvmfs/soft.computecanada.ca/easybuild/software/2020/avx2/Core/scipy-stack/2022a/lib/python3.8/site-packages (3.5.1+computecanada)
Requirement already satisfied: scipy in /cvmfs/soft.computecanada.ca/easybuild/software/2020/avx2/Core/scipy-stack/2022a/lib/python3.8/site-packages (1.8.0+computecanada)
Processing /cvmfs/soft.computecanada.ca/custom/python/wheelhouse/gentoo/generic/numba-0.56.3+computecanada-cp38-cp38-linux_x86_64.whl
Processing /cvmfs/soft.computecanada.ca/custom/python/wheelhouse/generic/multiprocess-0.70.14+computecanada-cp38-cp38-linux_x86_64.whl
Processing /cvmfs/soft.computecanada.ca/custom/python/wheelhouse/gentoo/generic/scikit_learn-1.1.2+computecanada-cp38-cp38-linux_x86_64.whl
Processing /cvmfs/soft.computecanada.ca/custom/python/wheelhouse/gentoo/generic/cupy-11.2.0+computecanada-cp38-cp38-linux_x86_64.whl
Processing /cvmfs/soft.computecanada.ca/custom/python/wheelhouse/generic/rpy2-3.1.0+computecanada-py3-none-any.whl
Requirement already satisfied: pandas>=0.25.1 in /cvmfs/soft.computecanada.ca/easybuild/software/2020/avx2/Core/scipy-stack/2022a/lib/python3.8/site-packages (from bed-reader) (1.4.0+computecanada)
Processing /cvmfs/soft.computecanada.ca/custom/python/wheelhouse/generic/pooch-1.6.0+computecanada-py3-none-any.whl
Requirement already satisfied: packaging>=20.0 in /cvmfs/soft.computecanada.ca/easybuild/software/2020/avx2/Core/scipy-stack/2022a/lib/python3.8/site-packages (from matplotlib) (21.3+computecanada)
Processing /cvmfs/soft.computecanada.ca/custom/python/wheelhouse/generic/python_dateutil-2.8.2+computecanada-py2.py3-none-any.whl
Requirement already satisfied: kiwisolver>=1.0.1 in /cvmfs/soft.computecanada.ca/easybuild/software/2020/avx2/Core/scipy-stack/2022a/lib/python3.8/site-packages (from matplotlib) (1.3.2+computecanada)
Requirement already satisfied: pyparsing>=2.2.1 in /cvmfs/soft.computecanada.ca/easybuild/software/2020/avx2/Core/scipy-stack/2022a/lib/python3.8/site-packages (from matplotlib) (3.0.7+computecanada)
Requirement already satisfied: fonttools>=4.22.0 in /cvmfs/soft.computecanada.ca/easybuild/software/2020/avx2/Core/scipy-stack/2022a/lib/python3.8/site-packages (from matplotlib) (4.29.1+computecanada)
Requirement already satisfied: pillow>=6.2.0 in /cvmfs/soft.computecanada.ca/easybuild/software/2020/avx2/Core/scipy-stack/2022a/lib/python3.8/site-packages (from matplotlib) (9.0.1+computecanada)
Requirement already satisfied: cycler>=0.10 in /cvmfs/soft.computecanada.ca/easybuild/software/2020/avx2/Core/scipy-stack/2022a/lib/python3.8/site-packages (from matplotlib) (0.11.0+computecanada)
Requirement already satisfied: importlib-metadata in /cvmfs/soft.computecanada.ca/easybuild/software/2020/avx2/Core/scipy-stack/2022a/lib/python3.8/site-packages (from numba) (4.10.1+computecanada)
Processing /cvmfs/soft.computecanada.ca/custom/python/wheelhouse/gentoo/avx2/llvmlite-0.39.1+computecanada-cp38-cp38-linux_x86_64.whl
Requirement already satisfied: setuptools in /local/kyang.4019923.0/env/lib/python3.8/site-packages (from numba) (66.1.1)
Processing /cvmfs/soft.computecanada.ca/custom/python/wheelhouse/generic/dill-0.3.6+computecanada-py3-none-any.whl
Processing /cvmfs/soft.computecanada.ca/custom/python/wheelhouse/generic/joblib-1.2.0+computecanada-py3-none-any.whl
Processing /cvmfs/soft.computecanada.ca/custom/python/wheelhouse/generic/threadpoolctl-3.1.0+computecanada-py3-none-any.whl
Processing /cvmfs/soft.computecanada.ca/custom/python/wheelhouse/generic/fastrlock-0.8+computecanada-cp38-cp38-linux_x86_64.whl
Requirement already satisfied: pytz in /cvmfs/soft.computecanada.ca/easybuild/software/2020/avx2/Core/scipy-stack/2022a/lib/python3.8/site-packages (from rpy2) (2021.3+computecanada)
Requirement already satisfied: jinja2 in /cvmfs/soft.computecanada.ca/easybuild/software/2020/avx2/Core/scipy-stack/2022a/lib/python3.8/site-packages (from rpy2) (3.0.3+computecanada)
Requirement already satisfied: cffi>=1.0.0 in /cvmfs/soft.computecanada.ca/easybuild/software/2020/avx2/Core/scipy-stack/2022a/lib/python3.8/site-packages (from rpy2) (1.15.0+computecanada)
Requirement already satisfied: simplegeneric in /cvmfs/soft.computecanada.ca/easybuild/software/2020/avx2/Core/scipy-stack/2022a/lib/python3.8/site-packages (from rpy2) (0.8.1+computecanada)
Processing /cvmfs/soft.computecanada.ca/custom/python/wheelhouse/generic/tzlocal-4.2+computecanada-py3-none-any.whl
Processing /cvmfs/soft.computecanada.ca/custom/python/wheelhouse/generic/pytest-7.2.1+computecanada-py3-none-any.whl
Requirement already satisfied: pycparser in /cvmfs/soft.computecanada.ca/easybuild/software/2020/avx2/Core/scipy-stack/2022a/lib/python3.8/site-packages (from cffi>=1.0.0->rpy2) (2.21+computecanada)
Requirement already satisfied: requests>=2.19.0 in /cvmfs/soft.computecanada.ca/easybuild/software/2020/avx2/Core/scipy-stack/2022a/lib/python3.8/site-packages (from pooch>=1.1.1->bed-reader) (2.27.1+computecanada)
Processing /cvmfs/soft.computecanada.ca/custom/python/wheelhouse/generic/appdirs-1.4.4+computecanada-py2.py3-none-any.whl
Processing /cvmfs/soft.computecanada.ca/custom/python/wheelhouse/generic/six-1.16.0+computecanada-py2.py3-none-any.whl
Requirement already satisfied: zipp>=0.5 in /cvmfs/soft.computecanada.ca/easybuild/software/2020/avx2/Core/scipy-stack/2022a/lib/python3.8/site-packages (from importlib-metadata->numba) (3.7.0+computecanada)
Requirement already satisfied: MarkupSafe>=2.0 in /cvmfs/soft.computecanada.ca/easybuild/software/2020/avx2/Core/scipy-stack/2022a/lib/python3.8/site-packages (from jinja2->rpy2) (2.0.1+computecanada)
Processing /cvmfs/soft.computecanada.ca/custom/python/wheelhouse/generic/iniconfig-1.1.1+computecanada-py2.py3-none-any.whl
Processing /cvmfs/soft.computecanada.ca/custom/python/wheelhouse/generic/pytest-7.2.0+computecanada-py3-none-any.whl
Processing /cvmfs/soft.computecanada.ca/custom/python/wheelhouse/generic/pytest-7.1.3+computecanada-py3-none-any.whl
Processing /cvmfs/soft.computecanada.ca/custom/python/wheelhouse/generic/pluggy-1.0.0+computecanada-py2.py3-none-any.whl
Requirement already satisfied: tomli>=1.0.0 in /cvmfs/soft.computecanada.ca/easybuild/software/2020/avx2/Core/python-build-bundle/2022a/lib/python3.8/site-packages (from pytest->rpy2) (2.0.0)
Requirement already satisfied: attrs>=19.2.0 in /cvmfs/soft.computecanada.ca/easybuild/software/2020/avx2/Core/scipy-stack/2022a/lib/python3.8/site-packages (from pytest->rpy2) (21.4.0+computecanada)
Processing /cvmfs/soft.computecanada.ca/custom/python/wheelhouse/generic/py-1.11.0+computecanada-py2.py3-none-any.whl
Processing /cvmfs/soft.computecanada.ca/custom/python/wheelhouse/generic/tzlocal-2.1+computecanada-py2.py3-none-any.whl
Requirement already satisfied: charset-normalizer~=2.0.0 in /cvmfs/soft.computecanada.ca/easybuild/software/2020/avx2/Core/scipy-stack/2022a/lib/python3.8/site-packages (from requests>=2.19.0->pooch>=1.1.1->bed-reader) (2.0.11+computecanada)
Requirement already satisfied: idna<4,>=2.5 in /cvmfs/soft.computecanada.ca/easybuild/software/2020/avx2/Core/scipy-stack/2022a/lib/python3.8/site-packages (from requests>=2.19.0->pooch>=1.1.1->bed-reader) (3.3+computecanada)
Requirement already satisfied: certifi>=2017.4.17 in /cvmfs/soft.computecanada.ca/easybuild/software/2020/avx2/Core/scipy-stack/2022a/lib/python3.8/site-packages (from requests>=2.19.0->pooch>=1.1.1->bed-reader) (2021.10.8+computecanada)
Requirement already satisfied: urllib3<1.27,>=1.21.1 in /cvmfs/soft.computecanada.ca/easybuild/software/2020/avx2/Core/scipy-stack/2022a/lib/python3.8/site-packages (from requests>=2.19.0->pooch>=1.1.1->bed-reader) (1.26.8+computecanada)
Installing collected packages: iniconfig, fastrlock, appdirs, tzlocal, threadpoolctl, six, py, pluggy, llvmlite, joblib, dill, cupy, scikit-learn, python-dateutil, pytest, pooch, numba, multiprocess, sklearn, rpy2, bed-reader
ERROR: pip's dependency resolver does not currently take into account all the packages that are installed. This behaviour is the source of the following dependency conflicts.
poetry 1.1.12 requires packaging<21.0,>=20.4, but you have packaging 21.3+computecanada which is incompatible.
Successfully installed appdirs-1.4.4+computecanada bed-reader-0.2.5+computecanada cupy-11.2.0+computecanada dill-0.3.6+computecanada fastrlock-0.8+computecanada iniconfig-1.1.1+computecanada joblib-1.2.0+computecanada llvmlite-0.39.1+computecanada multiprocess-0.70.14+computecanada numba-0.56.3+computecanada pluggy-1.0.0+computecanada pooch-1.6.0+computecanada py-1.11.0+computecanada pytest-7.1.3+computecanada python-dateutil-2.8.2+computecanada rpy2-3.1.0+computecanada scikit-learn-1.1.2+computecanada six-1.16.0+computecanada sklearn-0.0+computecanada threadpoolctl-3.1.0+computecanada tzlocal-2.1+computecanada
Looking in links: /cvmfs/soft.computecanada.ca/custom/python/wheelhouse/gentoo/avx2, /cvmfs/soft.computecanada.ca/custom/python/wheelhouse/gentoo/generic, /cvmfs/soft.computecanada.ca/custom/python/wheelhouse/generic
Processing /home/kyang/KDEpy-1.1.0+computecanada-cp38-cp38-linux_x86_64.whl
Requirement already satisfied: matplotlib>=2.2.0 in /cvmfs/soft.computecanada.ca/easybuild/software/2020/avx2/Core/scipy-stack/2022a/lib/python3.8/site-packages (from KDEpy==1.1.0+computecanada) (3.5.1+computecanada)
Requirement already satisfied: numpy>=1.14.2 in /cvmfs/soft.computecanada.ca/easybuild/software/2020/avx2/Core/scipy-stack/2022a/lib/python3.8/site-packages (from KDEpy==1.1.0+computecanada) (1.22.2+computecanada)
Requirement already satisfied: scipy>=1.0.1 in /cvmfs/soft.computecanada.ca/easybuild/software/2020/avx2/Core/scipy-stack/2022a/lib/python3.8/site-packages (from KDEpy==1.1.0+computecanada) (1.8.0+computecanada)
Requirement already satisfied: fonttools>=4.22.0 in /cvmfs/soft.computecanada.ca/easybuild/software/2020/avx2/Core/scipy-stack/2022a/lib/python3.8/site-packages (from matplotlib>=2.2.0->KDEpy==1.1.0+computecanada) (4.29.1+computecanada)
Requirement already satisfied: pillow>=6.2.0 in /cvmfs/soft.computecanada.ca/easybuild/software/2020/avx2/Core/scipy-stack/2022a/lib/python3.8/site-packages (from matplotlib>=2.2.0->KDEpy==1.1.0+computecanada) (9.0.1+computecanada)
Requirement already satisfied: python-dateutil>=2.7 in /local/kyang.4019923.0/env/lib/python3.8/site-packages (from matplotlib>=2.2.0->KDEpy==1.1.0+computecanada) (2.8.2+computecanada)
Requirement already satisfied: cycler>=0.10 in /cvmfs/soft.computecanada.ca/easybuild/software/2020/avx2/Core/scipy-stack/2022a/lib/python3.8/site-packages (from matplotlib>=2.2.0->KDEpy==1.1.0+computecanada) (0.11.0+computecanada)
Requirement already satisfied: kiwisolver>=1.0.1 in /cvmfs/soft.computecanada.ca/easybuild/software/2020/avx2/Core/scipy-stack/2022a/lib/python3.8/site-packages (from matplotlib>=2.2.0->KDEpy==1.1.0+computecanada) (1.3.2+computecanada)
Requirement already satisfied: pyparsing>=2.2.1 in /cvmfs/soft.computecanada.ca/easybuild/software/2020/avx2/Core/scipy-stack/2022a/lib/python3.8/site-packages (from matplotlib>=2.2.0->KDEpy==1.1.0+computecanada) (3.0.7+computecanada)
Requirement already satisfied: packaging>=20.0 in /cvmfs/soft.computecanada.ca/easybuild/software/2020/avx2/Core/scipy-stack/2022a/lib/python3.8/site-packages (from matplotlib>=2.2.0->KDEpy==1.1.0+computecanada) (21.3+computecanada)
Requirement already satisfied: six>=1.5 in /local/kyang.4019923.0/env/lib/python3.8/site-packages (from python-dateutil>=2.7->matplotlib>=2.2.0->KDEpy==1.1.0+computecanada) (1.16.0+computecanada)
Installing collected packages: KDEpy
Successfully installed KDEpy-1.1.0+computecanada
Looking in links: /cvmfs/soft.computecanada.ca/custom/python/wheelhouse/gentoo/avx2, /cvmfs/soft.computecanada.ca/custom/python/wheelhouse/gentoo/generic, /cvmfs/soft.computecanada.ca/custom/python/wheelhouse/generic
Processing /home/kyang/nonconvexAG-1.0.6+computecanada-py3-none-any.whl
Requirement already satisfied: numba>=0.54.1 in /local/kyang.4019923.0/env/lib/python3.8/site-packages (from nonconvexAG==1.0.6+computecanada) (0.56.3+computecanada)
Requirement already satisfied: multiprocess>=0.70.6 in /local/kyang.4019923.0/env/lib/python3.8/site-packages (from nonconvexAG==1.0.6+computecanada) (0.70.14+computecanada)
Requirement already satisfied: numpy>=1.16.6 in /cvmfs/soft.computecanada.ca/easybuild/software/2020/avx2/Core/scipy-stack/2022a/lib/python3.8/site-packages (from nonconvexAG==1.0.6+computecanada) (1.22.2+computecanada)
Requirement already satisfied: dill>=0.3.6 in /local/kyang.4019923.0/env/lib/python3.8/site-packages (from multiprocess>=0.70.6->nonconvexAG==1.0.6+computecanada) (0.3.6+computecanada)
Requirement already satisfied: setuptools in /local/kyang.4019923.0/env/lib/python3.8/site-packages (from numba>=0.54.1->nonconvexAG==1.0.6+computecanada) (66.1.1)
Requirement already satisfied: importlib-metadata in /cvmfs/soft.computecanada.ca/easybuild/software/2020/avx2/Core/scipy-stack/2022a/lib/python3.8/site-packages (from numba>=0.54.1->nonconvexAG==1.0.6+computecanada) (4.10.1+computecanada)
Requirement already satisfied: llvmlite<0.40,>=0.39.0dev0 in /local/kyang.4019923.0/env/lib/python3.8/site-packages (from numba>=0.54.1->nonconvexAG==1.0.6+computecanada) (0.39.1+computecanada)
Requirement already satisfied: zipp>=0.5 in /cvmfs/soft.computecanada.ca/easybuild/software/2020/avx2/Core/scipy-stack/2022a/lib/python3.8/site-packages (from importlib-metadata->numba>=0.54.1->nonconvexAG==1.0.6+computecanada) (3.7.0+computecanada)
Installing collected packages: nonconvexAG
Successfully installed nonconvexAG-1.0.6+computecanada
Looking in links: /cvmfs/soft.computecanada.ca/custom/python/wheelhouse/gentoo/avx2, /cvmfs/soft.computecanada.ca/custom/python/wheelhouse/gentoo/generic, /cvmfs/soft.computecanada.ca/custom/python/wheelhouse/generic
Processing /home/kyang/fastHDMI-1.18.20+computecanada-py3-none-any.whl
Requirement already satisfied: numba>=0.54.1 in /local/kyang.4019923.0/env/lib/python3.8/site-packages (from fastHDMI==1.18.20+computecanada) (0.56.3+computecanada)
Requirement already satisfied: numpy>=1.14.2 in /cvmfs/soft.computecanada.ca/easybuild/software/2020/avx2/Core/scipy-stack/2022a/lib/python3.8/site-packages (from fastHDMI==1.18.20+computecanada) (1.22.2+computecanada)
Requirement already satisfied: scikit-learn>=1.0.2 in /local/kyang.4019923.0/env/lib/python3.8/site-packages (from fastHDMI==1.18.20+computecanada) (1.1.2+computecanada)
Requirement already satisfied: bed-reader in /local/kyang.4019923.0/env/lib/python3.8/site-packages (from fastHDMI==1.18.20+computecanada) (0.2.5+computecanada)
Processing /cvmfs/soft.computecanada.ca/custom/python/wheelhouse/gentoo/avx2/pandas-1.5.0+computecanada-cp38-cp38-linux_x86_64.whl
ERROR: Could not install packages due to an OSError: [Errno 5] Input/output error

NVIDIA-SMI has failed because it couldn't communicate with the NVIDIA driver. Make sure that the latest NVIDIA driver is installed and running.

/var/spool/slurmd/job4019923/slurm_script: line 33: /cvmfs/soft.computecanada.ca/gentoo/2020/usr/bin/lscpu: Input/output error
running ABIDE_poly3_diagnosis_MI_triweight_silverman_MLPClassifier.py
Traceback (most recent call last):
  File "ABIDE_poly3_diagnosis_MI_triweight_silverman_MLPClassifier.py", line 2, in <module>
    import pandas as pd
  File "<frozen importlib._bootstrap>", line 991, in _find_and_load
  File "<frozen importlib._bootstrap>", line 975, in _find_and_load_unlocked
  File "<frozen importlib._bootstrap>", line 671, in _load_unlocked
  File "<frozen importlib._bootstrap_external>", line 844, in exec_module
  File "<frozen importlib._bootstrap_external>", line 980, in get_code
  File "<frozen importlib._bootstrap_external>", line 1037, in get_data
OSError: [Errno 5] Input/output error: '/cvmfs/soft.computecanada.ca/easybuild/software/2020/avx2/Core/scipy-stack/2022a/lib/python3.8/site-packages/pandas/__init__.py'
