
Lmod is automatically replacing "intel/2020.1.217" with "gcc/9.3.0".

-------------------------------------------------------------------------------
The following dependent module(s) are not currently loaded: python/3.10.2 (required by: ipykernel/2023b, scipy-stack/2023b)
-------------------------------------------------------------------------------

Due to MODULEPATH changes, the following have been reloaded:
  1) gentoo/2020     2) libfabric/1.10.1     3) openmpi/4.0.3     4) ucx/1.8.0

created virtual environment CPython3.8.10.final.0-64 in 511ms
  creator CPython3Posix(dest=/local/kyang.12106727.0/env, clear=False, no_vcs_ignore=False, global=False)
  seeder FromAppData(download=False, pip=bundle, setuptools=bundle, wheel=bundle, via=copy, app_data_dir=/home/kyang/.local/share/virtualenv)
    added seed packages: pip==23.0+computecanada, setuptools==68.1.2+computecanada, wheel==0.41.2+computecanada
  activators BashActivator,CShellActivator,FishActivator,NushellActivator,PowerShellActivator,PythonActivator
Looking in links: /cvmfs/soft.computecanada.ca/custom/python/wheelhouse/gentoo2020/avx2, /cvmfs/soft.computecanada.ca/custom/python/wheelhouse/gentoo/avx2, /cvmfs/soft.computecanada.ca/custom/python/wheelhouse/gentoo2020/generic, /cvmfs/soft.computecanada.ca/custom/python/wheelhouse/gentoo/generic, /cvmfs/soft.computecanada.ca/custom/python/wheelhouse/generic
Requirement already satisfied: pip in /local/kyang.12106727.0/env/lib/python3.8/site-packages (23.0+computecanada)
Processing /cvmfs/soft.computecanada.ca/custom/python/wheelhouse/generic/Cython-0.29.33+computecanada-cp38-cp38-linux_x86_64.whl
Installing collected packages: Cython
Successfully installed Cython-0.29.33+computecanada
Looking in links: /cvmfs/soft.computecanada.ca/custom/python/wheelhouse/gentoo2020/avx2, /cvmfs/soft.computecanada.ca/custom/python/wheelhouse/gentoo/avx2, /cvmfs/soft.computecanada.ca/custom/python/wheelhouse/gentoo2020/generic, /cvmfs/soft.computecanada.ca/custom/python/wheelhouse/gentoo/generic, /cvmfs/soft.computecanada.ca/custom/python/wheelhouse/generic
Processing /cvmfs/soft.computecanada.ca/custom/python/wheelhouse/generic/bed_reader-0.2.5+computecanada-cp38-cp38-linux_x86_64.whl
Processing /cvmfs/soft.computecanada.ca/custom/python/wheelhouse/gentoo/generic/numpy-1.24.2+computecanada-cp38-cp38-linux_x86_64.whl
Processing /cvmfs/soft.computecanada.ca/custom/python/wheelhouse/generic/sklearn-0.0+computecanada-py2.py3-none-any.whl
Processing /cvmfs/soft.computecanada.ca/custom/python/wheelhouse/gentoo/avx2/matplotlib-3.7.0+computecanada-cp38-cp38-linux_x86_64.whl
Processing /cvmfs/soft.computecanada.ca/custom/python/wheelhouse/gentoo/generic/scipy-1.10.1+computecanada-cp38-cp38-linux_x86_64.whl
Processing /cvmfs/soft.computecanada.ca/custom/python/wheelhouse/gentoo/generic/numba-0.56.3+computecanada-cp38-cp38-linux_x86_64.whl
Processing /cvmfs/soft.computecanada.ca/custom/python/wheelhouse/generic/multiprocess-0.70.14+computecanada-cp38-cp38-linux_x86_64.whl
Processing /cvmfs/soft.computecanada.ca/custom/python/wheelhouse/gentoo/generic/scikit_learn-1.2.1+computecanada-cp38-cp38-linux_x86_64.whl
Processing /cvmfs/soft.computecanada.ca/custom/python/wheelhouse/gentoo/generic/cupy-12.0.0+computecanada-cp38-cp38-linux_x86_64.whl
Processing /cvmfs/soft.computecanada.ca/custom/python/wheelhouse/generic/rpy2-3.1.0+computecanada-py3-none-any.whl
Processing /cvmfs/soft.computecanada.ca/custom/python/wheelhouse/gentoo/avx2/pandas-1.5.3+computecanada-cp38-cp38-linux_x86_64.whl
Processing /cvmfs/soft.computecanada.ca/custom/python/wheelhouse/generic/dask-2023.5.1+computecanada-py3-none-any.whl
Requirement already satisfied: Cython in /local/kyang.12106727.0/env/lib/python3.8/site-packages (0.29.33+computecanada)
Processing /cvmfs/soft.computecanada.ca/custom/python/wheelhouse/generic/pooch-1.7.0+computecanada-py3-none-any.whl
Processing /cvmfs/soft.computecanada.ca/custom/python/wheelhouse/generic/python_dateutil-2.8.2+computecanada-py2.py3-none-any.whl
Requirement already satisfied: importlib-resources>=3.2.0 in /cvmfs/soft.computecanada.ca/easybuild/software/2020/avx2/Core/python-build-bundle/2023b/lib/python3.8/site-packages (from matplotlib) (6.0.1)
Processing /cvmfs/soft.computecanada.ca/custom/python/wheelhouse/gentoo/generic/contourpy-1.0.7+computecanada-cp38-cp38-linux_x86_64.whl
Processing /cvmfs/soft.computecanada.ca/custom/python/wheelhouse/generic/fonttools-4.42.1+computecanada-cp38-cp38-linux_x86_64.whl
Processing /cvmfs/soft.computecanada.ca/custom/python/wheelhouse/gentoo/avx2/kiwisolver-1.4.4+computecanada-cp38-cp38-linux_x86_64.whl
Requirement already satisfied: pyparsing>=2.3.1 in /cvmfs/soft.computecanada.ca/easybuild/software/2020/avx2/Core/python-build-bundle/2023b/lib/python3.8/site-packages (from matplotlib) (3.1.1)
Requirement already satisfied: packaging>=20.0 in /cvmfs/soft.computecanada.ca/easybuild/software/2020/avx2/Core/python-build-bundle/2023b/lib/python3.8/site-packages (from matplotlib) (23.1)
Processing /cvmfs/soft.computecanada.ca/custom/python/wheelhouse/gentoo/avx2/Pillow-9.5.0+computecanada-cp38-cp38-linux_x86_64.whl
Processing /cvmfs/soft.computecanada.ca/custom/python/wheelhouse/generic/cycler-0.12.1+computecanada-py3-none-any.whl
Requirement already satisfied: setuptools in /local/kyang.12106727.0/env/lib/python3.8/site-packages (from numba) (68.1.2+computecanada)
Processing /cvmfs/soft.computecanada.ca/custom/python/wheelhouse/gentoo/avx2/llvmlite-0.39.1+computecanada-cp38-cp38-linux_x86_64.whl
Processing /cvmfs/soft.computecanada.ca/custom/python/wheelhouse/gentoo/generic/numpy-1.23.0+computecanada-cp38-cp38-linux_x86_64.whl
Requirement already satisfied: importlib-metadata in /cvmfs/soft.computecanada.ca/easybuild/software/2020/avx2/Core/python-build-bundle/2023b/lib/python3.8/site-packages (from numba) (6.8.0)
Processing /cvmfs/soft.computecanada.ca/custom/python/wheelhouse/generic/dill-0.3.7+computecanada-py3-none-any.whl
Processing /cvmfs/soft.computecanada.ca/custom/python/wheelhouse/gentoo/generic/scikit_learn-1.1.2+computecanada-cp38-cp38-linux_x86_64.whl
Processing /cvmfs/soft.computecanada.ca/custom/python/wheelhouse/generic/threadpoolctl-3.2.0+computecanada-py3-none-any.whl
Processing /cvmfs/soft.computecanada.ca/custom/python/wheelhouse/generic/joblib-1.3.2+computecanada-py3-none-any.whl
Processing /cvmfs/soft.computecanada.ca/custom/python/wheelhouse/generic/fastrlock-0.8.1+computecanada-cp38-cp38-linux_x86_64.whl
Processing /cvmfs/soft.computecanada.ca/custom/python/wheelhouse/generic/tzlocal-5.0.1+computecanada-py3-none-any.whl
Requirement already satisfied: cffi>=1.0.0 in /cvmfs/soft.computecanada.ca/easybuild/software/2020/avx2/Core/python-build-bundle/2023b/lib/python3.8/site-packages (from rpy2) (1.15.1)
Processing /cvmfs/soft.computecanada.ca/custom/python/wheelhouse/generic/Jinja2-3.1.2+computecanada-py3-none-any.whl
Processing /cvmfs/soft.computecanada.ca/custom/python/wheelhouse/generic/pytest-7.4.1+computecanada-py3-none-any.whl
Processing /cvmfs/soft.computecanada.ca/custom/python/wheelhouse/generic/pytz-2023.3.post1+computecanada-py2.py3-none-any.whl
Processing /cvmfs/soft.computecanada.ca/custom/python/wheelhouse/generic/simplegeneric-0.8.1+computecanada-py3-none-any.whl
Processing /cvmfs/soft.computecanada.ca/custom/python/wheelhouse/generic/click-8.1.7+computecanada-py3-none-any.whl
Processing /cvmfs/soft.computecanada.ca/custom/python/wheelhouse/generic/cloudpickle-3.0.0+computecanada-py3-none-any.whl
Processing /cvmfs/soft.computecanada.ca/custom/python/wheelhouse/generic/partd-1.4.0+computecanada-py3-none-any.whl
Processing /cvmfs/soft.computecanada.ca/custom/python/wheelhouse/generic/fsspec-2023.9.2+computecanada-py3-none-any.whl
Processing /cvmfs/soft.computecanada.ca/custom/python/wheelhouse/gentoo/avx2/PyYAML-6.0+computecanada-cp38-cp38-linux_x86_64.whl
Processing /cvmfs/soft.computecanada.ca/custom/python/wheelhouse/generic/toolz-0.12.0+computecanada-py3-none-any.whl
Processing /cvmfs/soft.computecanada.ca/custom/python/wheelhouse/generic/dask-2023.2.1+computecanada-py3-none-any.whl
Requirement already satisfied: pycparser in /cvmfs/soft.computecanada.ca/easybuild/software/2020/avx2/Core/python-build-bundle/2023b/lib/python3.8/site-packages (from cffi>=1.0.0->rpy2) (2.21)
Requirement already satisfied: zipp>=3.1.0 in /cvmfs/soft.computecanada.ca/easybuild/software/2020/avx2/Core/python-build-bundle/2023b/lib/python3.8/site-packages (from importlib-resources>=3.2.0->matplotlib) (3.16.2)
Processing /cvmfs/soft.computecanada.ca/custom/python/wheelhouse/generic/locket-1.0.0+computecanada-py2.py3-none-any.whl
Requirement already satisfied: requests>=2.19.0 in /cvmfs/soft.computecanada.ca/easybuild/software/2020/avx2/Core/python-build-bundle/2023b/lib/python3.8/site-packages (from pooch>=1.1.1->bed-reader) (2.31.0)
Requirement already satisfied: platformdirs>=2.5.0 in /cvmfs/soft.computecanada.ca/easybuild/software/2020/avx2/Core/python-build-bundle/2023b/lib/python3.8/site-packages (from pooch>=1.1.1->bed-reader) (3.10.0)
Processing /cvmfs/soft.computecanada.ca/custom/python/wheelhouse/generic/six-1.16.0+computecanada-py2.py3-none-any.whl
Processing /cvmfs/soft.computecanada.ca/custom/python/wheelhouse/generic/MarkupSafe-2.1.2+computecanada-cp38-cp38-linux_x86_64.whl
Requirement already satisfied: tomli>=1.0.0 in /cvmfs/soft.computecanada.ca/easybuild/software/2020/avx2/Core/python-build-bundle/2023b/lib/python3.8/site-packages (from pytest->rpy2) (2.0.1)
Requirement already satisfied: exceptiongroup>=1.0.0rc8 in /cvmfs/soft.computecanada.ca/easybuild/software/2020/avx2/Core/python-build-bundle/2023b/lib/python3.8/site-packages (from pytest->rpy2) (1.1.3)
Processing /cvmfs/soft.computecanada.ca/custom/python/wheelhouse/generic/pluggy-1.3.0+computecanada-py3-none-any.whl
Processing /cvmfs/soft.computecanada.ca/custom/python/wheelhouse/generic/iniconfig-2.0.0+computecanada-py3-none-any.whl
Processing /cvmfs/soft.computecanada.ca/custom/python/wheelhouse/generic/backports.zoneinfo-0.2.1+computecanada-cp38-cp38-linux_x86_64.whl
Requirement already satisfied: certifi>=2017.4.17 in /cvmfs/soft.computecanada.ca/easybuild/software/2020/avx2/Core/python-build-bundle/2023b/lib/python3.8/site-packages (from requests>=2.19.0->pooch>=1.1.1->bed-reader) (2023.7.22)
Requirement already satisfied: urllib3<3,>=1.21.1 in /cvmfs/soft.computecanada.ca/easybuild/software/2020/avx2/Core/python-build-bundle/2023b/lib/python3.8/site-packages (from requests>=2.19.0->pooch>=1.1.1->bed-reader) (2.0.4)
Requirement already satisfied: idna<4,>=2.5 in /cvmfs/soft.computecanada.ca/easybuild/software/2020/avx2/Core/python-build-bundle/2023b/lib/python3.8/site-packages (from requests>=2.19.0->pooch>=1.1.1->bed-reader) (3.4)
Requirement already satisfied: charset-normalizer<4,>=2 in /cvmfs/soft.computecanada.ca/easybuild/software/2020/avx2/Core/python-build-bundle/2023b/lib/python3.8/site-packages (from requests>=2.19.0->pooch>=1.1.1->bed-reader) (3.2.0)
Installing collected packages: simplegeneric, pytz, fastrlock, toolz, threadpoolctl, six, pyyaml, pluggy, pillow, numpy, MarkupSafe, locket, llvmlite, kiwisolver, joblib, iniconfig, fsspec, fonttools, dill, cycler, cloudpickle, click, backports.zoneinfo, tzlocal, scipy, python-dateutil, pytest, pooch, partd, numba, multiprocess, jinja2, cupy, contourpy, scikit-learn, rpy2, pandas, matplotlib, dask, sklearn, bed-reader
Successfully installed MarkupSafe-2.1.2+computecanada backports.zoneinfo-0.2.1+computecanada bed-reader-0.2.5+computecanada click-8.1.7+computecanada cloudpickle-3.0.0+computecanada contourpy-1.0.7+computecanada cupy-12.0.0+computecanada cycler-0.12.1+computecanada dask-2023.2.1+computecanada dill-0.3.7+computecanada fastrlock-0.8.1+computecanada fonttools-4.42.1+computecanada fsspec-2023.9.2+computecanada iniconfig-2.0.0+computecanada jinja2-3.1.2+computecanada joblib-1.3.2+computecanada kiwisolver-1.4.4+computecanada llvmlite-0.39.1+computecanada locket-1.0.0+computecanada matplotlib-3.7.0+computecanada multiprocess-0.70.14+computecanada numba-0.56.3+computecanada numpy-1.23.0+computecanada pandas-1.5.3+computecanada partd-1.4.0+computecanada pillow-9.5.0+computecanada pluggy-1.3.0+computecanada pooch-1.7.0+computecanada pytest-7.4.1+computecanada python-dateutil-2.8.2+computecanada pytz-2023.3.post1+computecanada pyyaml-6.0+computecanada rpy2-3.1.0+computecanada scikit-learn-1.1.2+computecanada scipy-1.10.1+computecanada simplegeneric-0.8.1+computecanada six-1.16.0+computecanada sklearn-0.0+computecanada threadpoolctl-3.2.0+computecanada toolz-0.12.0+computecanada tzlocal-5.0.1+computecanada
Looking in links: /cvmfs/soft.computecanada.ca/custom/python/wheelhouse/gentoo2020/avx2, /cvmfs/soft.computecanada.ca/custom/python/wheelhouse/gentoo/avx2, /cvmfs/soft.computecanada.ca/custom/python/wheelhouse/gentoo2020/generic, /cvmfs/soft.computecanada.ca/custom/python/wheelhouse/gentoo/generic, /cvmfs/soft.computecanada.ca/custom/python/wheelhouse/generic
Processing /home/kyang/KDEpy-1.1.5+computecanada-cp38-cp38-linux_x86_64.whl
Requirement already satisfied: numpy<2.0,>=1.14.2 in /local/kyang.12106727.0/env/lib/python3.8/site-packages (from KDEpy==1.1.5+computecanada) (1.23.0+computecanada)
Requirement already satisfied: matplotlib>=2.2.2 in /local/kyang.12106727.0/env/lib/python3.8/site-packages (from KDEpy==1.1.5+computecanada) (3.7.0+computecanada)
Requirement already satisfied: scipy<2.0,>=1.0.1 in /local/kyang.12106727.0/env/lib/python3.8/site-packages (from KDEpy==1.1.5+computecanada) (1.10.1+computecanada)
Requirement already satisfied: packaging>=20.0 in /cvmfs/soft.computecanada.ca/easybuild/software/2020/avx2/Core/python-build-bundle/2023b/lib/python3.8/site-packages (from matplotlib>=2.2.2->KDEpy==1.1.5+computecanada) (23.1)
Requirement already satisfied: kiwisolver>=1.0.1 in /local/kyang.12106727.0/env/lib/python3.8/site-packages (from matplotlib>=2.2.2->KDEpy==1.1.5+computecanada) (1.4.4+computecanada)
Requirement already satisfied: cycler>=0.10 in /local/kyang.12106727.0/env/lib/python3.8/site-packages (from matplotlib>=2.2.2->KDEpy==1.1.5+computecanada) (0.12.1+computecanada)
Requirement already satisfied: pillow>=6.2.0 in /local/kyang.12106727.0/env/lib/python3.8/site-packages (from matplotlib>=2.2.2->KDEpy==1.1.5+computecanada) (9.5.0+computecanada)
Requirement already satisfied: importlib-resources>=3.2.0 in /cvmfs/soft.computecanada.ca/easybuild/software/2020/avx2/Core/python-build-bundle/2023b/lib/python3.8/site-packages (from matplotlib>=2.2.2->KDEpy==1.1.5+computecanada) (6.0.1)
Requirement already satisfied: fonttools>=4.22.0 in /local/kyang.12106727.0/env/lib/python3.8/site-packages (from matplotlib>=2.2.2->KDEpy==1.1.5+computecanada) (4.42.1+computecanada)
Requirement already satisfied: python-dateutil>=2.7 in /local/kyang.12106727.0/env/lib/python3.8/site-packages (from matplotlib>=2.2.2->KDEpy==1.1.5+computecanada) (2.8.2+computecanada)
Requirement already satisfied: contourpy>=1.0.1 in /local/kyang.12106727.0/env/lib/python3.8/site-packages (from matplotlib>=2.2.2->KDEpy==1.1.5+computecanada) (1.0.7+computecanada)
Requirement already satisfied: pyparsing>=2.3.1 in /cvmfs/soft.computecanada.ca/easybuild/software/2020/avx2/Core/python-build-bundle/2023b/lib/python3.8/site-packages (from matplotlib>=2.2.2->KDEpy==1.1.5+computecanada) (3.1.1)
Requirement already satisfied: zipp>=3.1.0 in /cvmfs/soft.computecanada.ca/easybuild/software/2020/avx2/Core/python-build-bundle/2023b/lib/python3.8/site-packages (from importlib-resources>=3.2.0->matplotlib>=2.2.2->KDEpy==1.1.5+computecanada) (3.16.2)
Requirement already satisfied: six>=1.5 in /local/kyang.12106727.0/env/lib/python3.8/site-packages (from python-dateutil>=2.7->matplotlib>=2.2.2->KDEpy==1.1.5+computecanada) (1.16.0+computecanada)
Installing collected packages: KDEpy
Successfully installed KDEpy-1.1.5+computecanada
Looking in links: /cvmfs/soft.computecanada.ca/custom/python/wheelhouse/gentoo2020/avx2, /cvmfs/soft.computecanada.ca/custom/python/wheelhouse/gentoo/avx2, /cvmfs/soft.computecanada.ca/custom/python/wheelhouse/gentoo2020/generic, /cvmfs/soft.computecanada.ca/custom/python/wheelhouse/gentoo/generic, /cvmfs/soft.computecanada.ca/custom/python/wheelhouse/generic
Processing /home/kyang/nonconvexAG-1.0.6+computecanada-py3-none-any.whl
Requirement already satisfied: numba>=0.54.1 in /local/kyang.12106727.0/env/lib/python3.8/site-packages (from nonconvexAG==1.0.6+computecanada) (0.56.3+computecanada)
Requirement already satisfied: numpy>=1.16.6 in /local/kyang.12106727.0/env/lib/python3.8/site-packages (from nonconvexAG==1.0.6+computecanada) (1.23.0+computecanada)
Requirement already satisfied: multiprocess>=0.70.6 in /local/kyang.12106727.0/env/lib/python3.8/site-packages (from nonconvexAG==1.0.6+computecanada) (0.70.14+computecanada)
Requirement already satisfied: dill>=0.3.6 in /local/kyang.12106727.0/env/lib/python3.8/site-packages (from multiprocess>=0.70.6->nonconvexAG==1.0.6+computecanada) (0.3.7+computecanada)
Requirement already satisfied: llvmlite<0.40,>=0.39.0dev0 in /local/kyang.12106727.0/env/lib/python3.8/site-packages (from numba>=0.54.1->nonconvexAG==1.0.6+computecanada) (0.39.1+computecanada)
Requirement already satisfied: setuptools in /local/kyang.12106727.0/env/lib/python3.8/site-packages (from numba>=0.54.1->nonconvexAG==1.0.6+computecanada) (68.1.2+computecanada)
Requirement already satisfied: importlib-metadata in /cvmfs/soft.computecanada.ca/easybuild/software/2020/avx2/Core/python-build-bundle/2023b/lib/python3.8/site-packages (from numba>=0.54.1->nonconvexAG==1.0.6+computecanada) (6.8.0)
Requirement already satisfied: zipp>=0.5 in /cvmfs/soft.computecanada.ca/easybuild/software/2020/avx2/Core/python-build-bundle/2023b/lib/python3.8/site-packages (from importlib-metadata->numba>=0.54.1->nonconvexAG==1.0.6+computecanada) (3.16.2)
Installing collected packages: nonconvexAG
Successfully installed nonconvexAG-1.0.6+computecanada
Looking in links: /cvmfs/soft.computecanada.ca/custom/python/wheelhouse/gentoo2020/avx2, /cvmfs/soft.computecanada.ca/custom/python/wheelhouse/gentoo/avx2, /cvmfs/soft.computecanada.ca/custom/python/wheelhouse/gentoo2020/generic, /cvmfs/soft.computecanada.ca/custom/python/wheelhouse/gentoo/generic, /cvmfs/soft.computecanada.ca/custom/python/wheelhouse/generic
Processing /home/kyang/fastHDMI-1.25.0-cp38-cp38-linux_x86_64.whl
Requirement already satisfied: KDEpy>=1.1.0 in /local/kyang.12106727.0/env/lib/python3.8/site-packages (from fastHDMI==1.25.0) (1.1.5+computecanada)
Requirement already satisfied: Cython in /local/kyang.12106727.0/env/lib/python3.8/site-packages (from fastHDMI==1.25.0) (0.29.33+computecanada)
Requirement already satisfied: pandas>=1.4.4 in /local/kyang.12106727.0/env/lib/python3.8/site-packages (from fastHDMI==1.25.0) (1.5.3+computecanada)
Requirement already satisfied: numba>=0.54.1 in /local/kyang.12106727.0/env/lib/python3.8/site-packages (from fastHDMI==1.25.0) (0.56.3+computecanada)
Processing /cvmfs/soft.computecanada.ca/custom/python/wheelhouse/generic/tqdm-4.66.1+computecanada-py3-none-any.whl
Requirement already satisfied: numpy>=1.14.2 in /local/kyang.12106727.0/env/lib/python3.8/site-packages (from fastHDMI==1.25.0) (1.23.0+computecanada)
Requirement already satisfied: multiprocess>=0.70.6 in /local/kyang.12106727.0/env/lib/python3.8/site-packages (from fastHDMI==1.25.0) (0.70.14+computecanada)
Requirement already satisfied: scikit-learn>=1.0.2 in /local/kyang.12106727.0/env/lib/python3.8/site-packages (from fastHDMI==1.25.0) (1.1.2+computecanada)
Requirement already satisfied: dask in /local/kyang.12106727.0/env/lib/python3.8/site-packages (from fastHDMI==1.25.0) (2023.2.1+computecanada)
Requirement already satisfied: scipy<2.0,>=1.0.1 in /local/kyang.12106727.0/env/lib/python3.8/site-packages (from KDEpy>=1.1.0->fastHDMI==1.25.0) (1.10.1+computecanada)
Requirement already satisfied: matplotlib>=2.2.2 in /local/kyang.12106727.0/env/lib/python3.8/site-packages (from KDEpy>=1.1.0->fastHDMI==1.25.0) (3.7.0+computecanada)
Requirement already satisfied: dill>=0.3.6 in /local/kyang.12106727.0/env/lib/python3.8/site-packages (from multiprocess>=0.70.6->fastHDMI==1.25.0) (0.3.7+computecanada)
Requirement already satisfied: importlib-metadata in /cvmfs/soft.computecanada.ca/easybuild/software/2020/avx2/Core/python-build-bundle/2023b/lib/python3.8/site-packages (from numba>=0.54.1->fastHDMI==1.25.0) (6.8.0)
Requirement already satisfied: llvmlite<0.40,>=0.39.0dev0 in /local/kyang.12106727.0/env/lib/python3.8/site-packages (from numba>=0.54.1->fastHDMI==1.25.0) (0.39.1+computecanada)
Requirement already satisfied: setuptools in /local/kyang.12106727.0/env/lib/python3.8/site-packages (from numba>=0.54.1->fastHDMI==1.25.0) (68.1.2+computecanada)
Requirement already satisfied: pytz>=2020.1 in /local/kyang.12106727.0/env/lib/python3.8/site-packages (from pandas>=1.4.4->fastHDMI==1.25.0) (2023.3.post1+computecanada)
Requirement already satisfied: python-dateutil>=2.8.1 in /local/kyang.12106727.0/env/lib/python3.8/site-packages (from pandas>=1.4.4->fastHDMI==1.25.0) (2.8.2+computecanada)
Requirement already satisfied: threadpoolctl>=2.0.0 in /local/kyang.12106727.0/env/lib/python3.8/site-packages (from scikit-learn>=1.0.2->fastHDMI==1.25.0) (3.2.0+computecanada)
Requirement already satisfied: joblib>=1.0.0 in /local/kyang.12106727.0/env/lib/python3.8/site-packages (from scikit-learn>=1.0.2->fastHDMI==1.25.0) (1.3.2+computecanada)
Requirement already satisfied: pyyaml>=5.3.1 in /local/kyang.12106727.0/env/lib/python3.8/site-packages (from dask->fastHDMI==1.25.0) (6.0+computecanada)
Requirement already satisfied: packaging>=20.0 in /cvmfs/soft.computecanada.ca/easybuild/software/2020/avx2/Core/python-build-bundle/2023b/lib/python3.8/site-packages (from dask->fastHDMI==1.25.0) (23.1)
Requirement already satisfied: click>=7.0 in /local/kyang.12106727.0/env/lib/python3.8/site-packages (from dask->fastHDMI==1.25.0) (8.1.7+computecanada)
Requirement already satisfied: partd>=1.2.0 in /local/kyang.12106727.0/env/lib/python3.8/site-packages (from dask->fastHDMI==1.25.0) (1.4.0+computecanada)
Requirement already satisfied: toolz>=0.8.2 in /local/kyang.12106727.0/env/lib/python3.8/site-packages (from dask->fastHDMI==1.25.0) (0.12.0+computecanada)
Requirement already satisfied: fsspec>=0.6.0 in /local/kyang.12106727.0/env/lib/python3.8/site-packages (from dask->fastHDMI==1.25.0) (2023.9.2+computecanada)
Requirement already satisfied: cloudpickle>=1.1.1 in /local/kyang.12106727.0/env/lib/python3.8/site-packages (from dask->fastHDMI==1.25.0) (3.0.0+computecanada)
Requirement already satisfied: fonttools>=4.22.0 in /local/kyang.12106727.0/env/lib/python3.8/site-packages (from matplotlib>=2.2.2->KDEpy>=1.1.0->fastHDMI==1.25.0) (4.42.1+computecanada)
Requirement already satisfied: kiwisolver>=1.0.1 in /local/kyang.12106727.0/env/lib/python3.8/site-packages (from matplotlib>=2.2.2->KDEpy>=1.1.0->fastHDMI==1.25.0) (1.4.4+computecanada)
Requirement already satisfied: cycler>=0.10 in /local/kyang.12106727.0/env/lib/python3.8/site-packages (from matplotlib>=2.2.2->KDEpy>=1.1.0->fastHDMI==1.25.0) (0.12.1+computecanada)
Requirement already satisfied: contourpy>=1.0.1 in /local/kyang.12106727.0/env/lib/python3.8/site-packages (from matplotlib>=2.2.2->KDEpy>=1.1.0->fastHDMI==1.25.0) (1.0.7+computecanada)
Requirement already satisfied: pyparsing>=2.3.1 in /cvmfs/soft.computecanada.ca/easybuild/software/2020/avx2/Core/python-build-bundle/2023b/lib/python3.8/site-packages (from matplotlib>=2.2.2->KDEpy>=1.1.0->fastHDMI==1.25.0) (3.1.1)
Requirement already satisfied: pillow>=6.2.0 in /local/kyang.12106727.0/env/lib/python3.8/site-packages (from matplotlib>=2.2.2->KDEpy>=1.1.0->fastHDMI==1.25.0) (9.5.0+computecanada)
Requirement already satisfied: importlib-resources>=3.2.0 in /cvmfs/soft.computecanada.ca/easybuild/software/2020/avx2/Core/python-build-bundle/2023b/lib/python3.8/site-packages (from matplotlib>=2.2.2->KDEpy>=1.1.0->fastHDMI==1.25.0) (6.0.1)
Requirement already satisfied: locket in /local/kyang.12106727.0/env/lib/python3.8/site-packages (from partd>=1.2.0->dask->fastHDMI==1.25.0) (1.0.0+computecanada)
Requirement already satisfied: six>=1.5 in /local/kyang.12106727.0/env/lib/python3.8/site-packages (from python-dateutil>=2.8.1->pandas>=1.4.4->fastHDMI==1.25.0) (1.16.0+computecanada)
Requirement already satisfied: zipp>=0.5 in /cvmfs/soft.computecanada.ca/easybuild/software/2020/avx2/Core/python-build-bundle/2023b/lib/python3.8/site-packages (from importlib-metadata->numba>=0.54.1->fastHDMI==1.25.0) (3.16.2)
Installing collected packages: tqdm, fastHDMI
Successfully installed fastHDMI-1.25.0 tqdm-4.66.1+computecanada
NVIDIA-SMI has failed because it couldn't communicate with the NVIDIA driver. Make sure that the latest NVIDIA driver is installed and running.

Architecture:        x86_64
CPU op-mode(s):      32-bit, 64-bit
Byte Order:          Little Endian
Address sizes:       46 bits physical, 48 bits virtual
CPU(s):              32
On-line CPU(s) list: 0-31
Thread(s) per core:  1
Core(s) per socket:  16
Socket(s):           2
NUMA node(s):        2
Vendor ID:           GenuineIntel
CPU family:          6
Model:               79
Model name:          Intel(R) Xeon(R) CPU E5-2683 v4 @ 2.10GHz
Stepping:            1
CPU MHz:             2499.902
CPU max MHz:         3000.0000
CPU min MHz:         1200.0000
BogoMIPS:            4190.34
Virtualization:      VT-x
L1d cache:           32K
L1i cache:           32K
L2 cache:            256K
L3 cache:            40960K
NUMA node0 CPU(s):   0-15
NUMA node1 CPU(s):   16-31
Flags:               fpu vme de pse tsc msr pae mce cx8 apic sep mtrr pge mca cmov pat pse36 clflush dts acpi mmx fxsr sse sse2 ss ht tm pbe syscall nx pdpe1gb rdtscp lm constant_tsc arch_perfmon pebs bts rep_good nopl xtopology nonstop_tsc aperfmperf eagerfpu pni pclmulqdq dtes64 ds_cpl vmx smx est tm2 ssse3 sdbg fma cx16 xtpr pdcm pcid dca sse4_1 sse4_2 x2apic movbe popcnt tsc_deadline_timer aes xsave avx f16c rdrand lahf_lm abm 3dnowprefetch epb cat_l3 cdp_l3 invpcid_single intel_ppin ssbd rsb_ctxsw ibrs ibpb stibp tpr_shadow vnmi flexpriority ept vpid fsgsbase tsc_adjust bmi1 hle avx2 smep bmi2 erms invpcid rtm cqm rdt_a rdseed adx smap intel_pt xsaveopt cqm_llc cqm_occup_llc cqm_mbm_total cqm_mbm_local dtherm ida arat pln pts md_clear spec_ctrl intel_stibp flush_l1d
running ABIDE_age_Pearson_ElasticNetCV.py
ABIDE_age_Pearson_ElasticNetCV
  0%|          | 0/10 [00:00<?, ?it/s] 10%|█         | 1/10 [00:03<00:28,  3.19s/it] 20%|██        | 2/10 [00:06<00:25,  3.23s/it] 30%|███       | 3/10 [00:09<00:22,  3.23s/it] 40%|████      | 4/10 [00:13<00:19,  3.29s/it] 50%|█████     | 5/10 [00:16<00:16,  3.34s/it] 60%|██████    | 6/10 [00:20<00:13,  3.42s/it] 70%|███████   | 7/10 [00:23<00:10,  3.54s/it] 80%|████████  | 8/10 [00:27<00:07,  3.61s/it] 90%|█████████ | 9/10 [00:31<00:03,  3.74s/it]100%|██████████| 10/10 [00:35<00:00,  3.90s/it]100%|██████████| 10/10 [00:35<00:00,  3.59s/it]
