
Lmod is automatically replacing "intel/2020.1.217" with "gcc/9.3.0".


Due to MODULEPATH changes, the following have been reloaded:
  1) libfabric/1.10.1     2) openmpi/4.0.3     3) ucx/1.8.0

created virtual environment CPython3.8.10.final.0-64 in 584ms
  creator CPython3Posix(dest=/local/kyang.4124791.0/env, clear=False, no_vcs_ignore=False, global=False)
  seeder FromAppData(download=False, pip=bundle, setuptools=bundle, wheel=bundle, via=copy, app_data_dir=/home/kyang/.local/share/virtualenv)
    added seed packages: pip==22.3.1, setuptools==66.1.1, wheel==0.38.4+computecanada
  activators BashActivator,CShellActivator,FishActivator,NushellActivator,PowerShellActivator,PythonActivator
Looking in links: /cvmfs/soft.computecanada.ca/custom/python/wheelhouse/gentoo/avx2, /cvmfs/soft.computecanada.ca/custom/python/wheelhouse/gentoo/generic, /cvmfs/soft.computecanada.ca/custom/python/wheelhouse/generic
Requirement already satisfied: pip in /local/kyang.4124791.0/env/lib/python3.8/site-packages (22.3.1)
Processing /cvmfs/soft.computecanada.ca/custom/python/wheelhouse/generic/pip-23.0+computecanada-py3-none-any.whl
Installing collected packages: pip
  Attempting uninstall: pip
    Found existing installation: pip 22.3.1
    Uninstalling pip-22.3.1:
      Successfully uninstalled pip-22.3.1
Successfully installed pip-23.0+computecanada
Looking in links: /cvmfs/soft.computecanada.ca/custom/python/wheelhouse/gentoo/avx2, /cvmfs/soft.computecanada.ca/custom/python/wheelhouse/gentoo/generic, /cvmfs/soft.computecanada.ca/custom/python/wheelhouse/generic
Processing /cvmfs/soft.computecanada.ca/custom/python/wheelhouse/generic/bed_reader-0.2.5+computecanada-cp38-cp38-linux_x86_64.whl
Requirement already satisfied: numpy in /cvmfs/soft.computecanada.ca/easybuild/software/2020/avx2/Core/scipy-stack/2022a/lib/python3.8/site-packages (1.22.2+computecanada)
Processing /cvmfs/soft.computecanada.ca/custom/python/wheelhouse/generic/sklearn-0.0+computecanada-py2.py3-none-any.whl
Requirement already satisfied: matplotlib in /cvmfs/soft.computecanada.ca/easybuild/software/2020/avx2/Core/scipy-stack/2022a/lib/python3.8/site-packages (3.5.1+computecanada)
Requirement already satisfied: scipy in /cvmfs/soft.computecanada.ca/easybuild/software/2020/avx2/Core/scipy-stack/2022a/lib/python3.8/site-packages (1.8.0+computecanada)
Processing /cvmfs/soft.computecanada.ca/custom/python/wheelhouse/gentoo/generic/numba-0.56.3+computecanada-cp38-cp38-linux_x86_64.whl
Processing /cvmfs/soft.computecanada.ca/custom/python/wheelhouse/generic/multiprocess-0.70.14+computecanada-cp38-cp38-linux_x86_64.whl
Processing /cvmfs/soft.computecanada.ca/custom/python/wheelhouse/gentoo/generic/scikit_learn-1.1.2+computecanada-cp38-cp38-linux_x86_64.whl
Processing /cvmfs/soft.computecanada.ca/custom/python/wheelhouse/gentoo/generic/cupy-11.2.0+computecanada-cp38-cp38-linux_x86_64.whl
Processing /cvmfs/soft.computecanada.ca/custom/python/wheelhouse/generic/rpy2-3.1.0+computecanada-py3-none-any.whl
Requirement already satisfied: pandas>=0.25.1 in /cvmfs/soft.computecanada.ca/easybuild/software/2020/avx2/Core/scipy-stack/2022a/lib/python3.8/site-packages (from bed-reader) (1.4.0+computecanada)
Processing /cvmfs/soft.computecanada.ca/custom/python/wheelhouse/generic/pooch-1.6.0+computecanada-py3-none-any.whl
Requirement already satisfied: pillow>=6.2.0 in /cvmfs/soft.computecanada.ca/easybuild/software/2020/avx2/Core/scipy-stack/2022a/lib/python3.8/site-packages (from matplotlib) (9.0.1+computecanada)
Requirement already satisfied: packaging>=20.0 in /cvmfs/soft.computecanada.ca/easybuild/software/2020/avx2/Core/scipy-stack/2022a/lib/python3.8/site-packages (from matplotlib) (21.3+computecanada)
Requirement already satisfied: fonttools>=4.22.0 in /cvmfs/soft.computecanada.ca/easybuild/software/2020/avx2/Core/scipy-stack/2022a/lib/python3.8/site-packages (from matplotlib) (4.29.1+computecanada)
Requirement already satisfied: pyparsing>=2.2.1 in /cvmfs/soft.computecanada.ca/easybuild/software/2020/avx2/Core/scipy-stack/2022a/lib/python3.8/site-packages (from matplotlib) (3.0.7+computecanada)
Processing /cvmfs/soft.computecanada.ca/custom/python/wheelhouse/generic/python_dateutil-2.8.2+computecanada-py2.py3-none-any.whl
Requirement already satisfied: cycler>=0.10 in /cvmfs/soft.computecanada.ca/easybuild/software/2020/avx2/Core/scipy-stack/2022a/lib/python3.8/site-packages (from matplotlib) (0.11.0+computecanada)
Requirement already satisfied: kiwisolver>=1.0.1 in /cvmfs/soft.computecanada.ca/easybuild/software/2020/avx2/Core/scipy-stack/2022a/lib/python3.8/site-packages (from matplotlib) (1.3.2+computecanada)
Requirement already satisfied: setuptools in /local/kyang.4124791.0/env/lib/python3.8/site-packages (from numba) (66.1.1)
Processing /cvmfs/soft.computecanada.ca/custom/python/wheelhouse/gentoo/avx2/llvmlite-0.39.1+computecanada-cp38-cp38-linux_x86_64.whl
Requirement already satisfied: importlib-metadata in /cvmfs/soft.computecanada.ca/easybuild/software/2020/avx2/Core/scipy-stack/2022a/lib/python3.8/site-packages (from numba) (4.10.1+computecanada)
Processing /cvmfs/soft.computecanada.ca/custom/python/wheelhouse/generic/dill-0.3.6+computecanada-py3-none-any.whl
Processing /cvmfs/soft.computecanada.ca/custom/python/wheelhouse/generic/threadpoolctl-3.1.0+computecanada-py3-none-any.whl
Processing /cvmfs/soft.computecanada.ca/custom/python/wheelhouse/generic/joblib-1.2.0+computecanada-py3-none-any.whl
Processing /cvmfs/soft.computecanada.ca/custom/python/wheelhouse/generic/fastrlock-0.8+computecanada-cp38-cp38-linux_x86_64.whl
Processing /cvmfs/soft.computecanada.ca/custom/python/wheelhouse/generic/pytest-7.2.1+computecanada-py3-none-any.whl
Requirement already satisfied: cffi>=1.0.0 in /cvmfs/soft.computecanada.ca/easybuild/software/2020/avx2/Core/scipy-stack/2022a/lib/python3.8/site-packages (from rpy2) (1.15.0+computecanada)
Requirement already satisfied: pytz in /cvmfs/soft.computecanada.ca/easybuild/software/2020/avx2/Core/scipy-stack/2022a/lib/python3.8/site-packages (from rpy2) (2021.3+computecanada)
Requirement already satisfied: jinja2 in /cvmfs/soft.computecanada.ca/easybuild/software/2020/avx2/Core/scipy-stack/2022a/lib/python3.8/site-packages (from rpy2) (3.0.3+computecanada)
Processing /cvmfs/soft.computecanada.ca/custom/python/wheelhouse/generic/tzlocal-4.2+computecanada-py3-none-any.whl
Requirement already satisfied: simplegeneric in /cvmfs/soft.computecanada.ca/easybuild/software/2020/avx2/Core/scipy-stack/2022a/lib/python3.8/site-packages (from rpy2) (0.8.1+computecanada)
Requirement already satisfied: pycparser in /cvmfs/soft.computecanada.ca/easybuild/software/2020/avx2/Core/scipy-stack/2022a/lib/python3.8/site-packages (from cffi>=1.0.0->rpy2) (2.21+computecanada)
Processing /cvmfs/soft.computecanada.ca/custom/python/wheelhouse/generic/appdirs-1.4.4+computecanada-py2.py3-none-any.whl
Requirement already satisfied: requests>=2.19.0 in /cvmfs/soft.computecanada.ca/easybuild/software/2020/avx2/Core/scipy-stack/2022a/lib/python3.8/site-packages (from pooch>=1.1.1->bed-reader) (2.27.1+computecanada)
Processing /cvmfs/soft.computecanada.ca/custom/python/wheelhouse/generic/six-1.16.0+computecanada-py2.py3-none-any.whl
Requirement already satisfied: zipp>=0.5 in /cvmfs/soft.computecanada.ca/easybuild/software/2020/avx2/Core/scipy-stack/2022a/lib/python3.8/site-packages (from importlib-metadata->numba) (3.7.0+computecanada)
Requirement already satisfied: MarkupSafe>=2.0 in /cvmfs/soft.computecanada.ca/easybuild/software/2020/avx2/Core/scipy-stack/2022a/lib/python3.8/site-packages (from jinja2->rpy2) (2.0.1+computecanada)
Processing /cvmfs/soft.computecanada.ca/custom/python/wheelhouse/generic/iniconfig-2.0.0+computecanada-py3-none-any.whl
Requirement already satisfied: tomli>=1.0.0 in /cvmfs/soft.computecanada.ca/easybuild/software/2020/avx2/Core/python-build-bundle/2022a/lib/python3.8/site-packages (from pytest->rpy2) (2.0.0)
Processing /cvmfs/soft.computecanada.ca/custom/python/wheelhouse/generic/exceptiongroup-1.1.0+computecanada-py3-none-any.whl
Processing /cvmfs/soft.computecanada.ca/custom/python/wheelhouse/generic/pluggy-1.0.0+computecanada-py2.py3-none-any.whl
Requirement already satisfied: attrs>=19.2.0 in /cvmfs/soft.computecanada.ca/easybuild/software/2020/avx2/Core/scipy-stack/2022a/lib/python3.8/site-packages (from pytest->rpy2) (21.4.0+computecanada)
Processing /cvmfs/soft.computecanada.ca/custom/python/wheelhouse/generic/tzlocal-2.1+computecanada-py2.py3-none-any.whl
Requirement already satisfied: idna<4,>=2.5 in /cvmfs/soft.computecanada.ca/easybuild/software/2020/avx2/Core/scipy-stack/2022a/lib/python3.8/site-packages (from requests>=2.19.0->pooch>=1.1.1->bed-reader) (3.3+computecanada)
Requirement already satisfied: certifi>=2017.4.17 in /cvmfs/soft.computecanada.ca/easybuild/software/2020/avx2/Core/scipy-stack/2022a/lib/python3.8/site-packages (from requests>=2.19.0->pooch>=1.1.1->bed-reader) (2021.10.8+computecanada)
Requirement already satisfied: urllib3<1.27,>=1.21.1 in /cvmfs/soft.computecanada.ca/easybuild/software/2020/avx2/Core/scipy-stack/2022a/lib/python3.8/site-packages (from requests>=2.19.0->pooch>=1.1.1->bed-reader) (1.26.8+computecanada)
Requirement already satisfied: charset-normalizer~=2.0.0 in /cvmfs/soft.computecanada.ca/easybuild/software/2020/avx2/Core/scipy-stack/2022a/lib/python3.8/site-packages (from requests>=2.19.0->pooch>=1.1.1->bed-reader) (2.0.11+computecanada)
Installing collected packages: fastrlock, appdirs, tzlocal, threadpoolctl, six, pluggy, llvmlite, joblib, iniconfig, exceptiongroup, dill, cupy, scikit-learn, python-dateutil, pytest, pooch, numba, multiprocess, sklearn, rpy2, bed-reader
ERROR: pip's dependency resolver does not currently take into account all the packages that are installed. This behaviour is the source of the following dependency conflicts.
poetry 1.1.12 requires packaging<21.0,>=20.4, but you have packaging 21.3+computecanada which is incompatible.
Successfully installed appdirs-1.4.4+computecanada bed-reader-0.2.5+computecanada cupy-11.2.0+computecanada dill-0.3.6+computecanada exceptiongroup-1.1.0+computecanada fastrlock-0.8+computecanada iniconfig-2.0.0+computecanada joblib-1.2.0+computecanada llvmlite-0.39.1+computecanada multiprocess-0.70.14+computecanada numba-0.56.3+computecanada pluggy-1.0.0+computecanada pooch-1.6.0+computecanada pytest-7.2.1+computecanada python-dateutil-2.8.2+computecanada rpy2-3.1.0+computecanada scikit-learn-1.1.2+computecanada six-1.16.0+computecanada sklearn-0.0+computecanada threadpoolctl-3.1.0+computecanada tzlocal-2.1+computecanada
Looking in links: /cvmfs/soft.computecanada.ca/custom/python/wheelhouse/gentoo/avx2, /cvmfs/soft.computecanada.ca/custom/python/wheelhouse/gentoo/generic, /cvmfs/soft.computecanada.ca/custom/python/wheelhouse/generic
Processing /home/kyang/KDEpy-1.1.0+computecanada-cp38-cp38-linux_x86_64.whl
Requirement already satisfied: scipy>=1.0.1 in /cvmfs/soft.computecanada.ca/easybuild/software/2020/avx2/Core/scipy-stack/2022a/lib/python3.8/site-packages (from KDEpy==1.1.0+computecanada) (1.8.0+computecanada)
Requirement already satisfied: numpy>=1.14.2 in /cvmfs/soft.computecanada.ca/easybuild/software/2020/avx2/Core/scipy-stack/2022a/lib/python3.8/site-packages (from KDEpy==1.1.0+computecanada) (1.22.2+computecanada)
Requirement already satisfied: matplotlib>=2.2.0 in /cvmfs/soft.computecanada.ca/easybuild/software/2020/avx2/Core/scipy-stack/2022a/lib/python3.8/site-packages (from KDEpy==1.1.0+computecanada) (3.5.1+computecanada)
Requirement already satisfied: fonttools>=4.22.0 in /cvmfs/soft.computecanada.ca/easybuild/software/2020/avx2/Core/scipy-stack/2022a/lib/python3.8/site-packages (from matplotlib>=2.2.0->KDEpy==1.1.0+computecanada) (4.29.1+computecanada)
Requirement already satisfied: kiwisolver>=1.0.1 in /cvmfs/soft.computecanada.ca/easybuild/software/2020/avx2/Core/scipy-stack/2022a/lib/python3.8/site-packages (from matplotlib>=2.2.0->KDEpy==1.1.0+computecanada) (1.3.2+computecanada)
Requirement already satisfied: pillow>=6.2.0 in /cvmfs/soft.computecanada.ca/easybuild/software/2020/avx2/Core/scipy-stack/2022a/lib/python3.8/site-packages (from matplotlib>=2.2.0->KDEpy==1.1.0+computecanada) (9.0.1+computecanada)
Requirement already satisfied: python-dateutil>=2.7 in /local/kyang.4124791.0/env/lib/python3.8/site-packages (from matplotlib>=2.2.0->KDEpy==1.1.0+computecanada) (2.8.2+computecanada)
Requirement already satisfied: pyparsing>=2.2.1 in /cvmfs/soft.computecanada.ca/easybuild/software/2020/avx2/Core/scipy-stack/2022a/lib/python3.8/site-packages (from matplotlib>=2.2.0->KDEpy==1.1.0+computecanada) (3.0.7+computecanada)
Requirement already satisfied: cycler>=0.10 in /cvmfs/soft.computecanada.ca/easybuild/software/2020/avx2/Core/scipy-stack/2022a/lib/python3.8/site-packages (from matplotlib>=2.2.0->KDEpy==1.1.0+computecanada) (0.11.0+computecanada)
Requirement already satisfied: packaging>=20.0 in /cvmfs/soft.computecanada.ca/easybuild/software/2020/avx2/Core/scipy-stack/2022a/lib/python3.8/site-packages (from matplotlib>=2.2.0->KDEpy==1.1.0+computecanada) (21.3+computecanada)
Requirement already satisfied: six>=1.5 in /local/kyang.4124791.0/env/lib/python3.8/site-packages (from python-dateutil>=2.7->matplotlib>=2.2.0->KDEpy==1.1.0+computecanada) (1.16.0+computecanada)
Installing collected packages: KDEpy
Successfully installed KDEpy-1.1.0+computecanada
Looking in links: /cvmfs/soft.computecanada.ca/custom/python/wheelhouse/gentoo/avx2, /cvmfs/soft.computecanada.ca/custom/python/wheelhouse/gentoo/generic, /cvmfs/soft.computecanada.ca/custom/python/wheelhouse/generic
Processing /home/kyang/nonconvexAG-1.0.6+computecanada-py3-none-any.whl
Requirement already satisfied: multiprocess>=0.70.6 in /local/kyang.4124791.0/env/lib/python3.8/site-packages (from nonconvexAG==1.0.6+computecanada) (0.70.14+computecanada)
Requirement already satisfied: numpy>=1.16.6 in /cvmfs/soft.computecanada.ca/easybuild/software/2020/avx2/Core/scipy-stack/2022a/lib/python3.8/site-packages (from nonconvexAG==1.0.6+computecanada) (1.22.2+computecanada)
Requirement already satisfied: numba>=0.54.1 in /local/kyang.4124791.0/env/lib/python3.8/site-packages (from nonconvexAG==1.0.6+computecanada) (0.56.3+computecanada)
Requirement already satisfied: dill>=0.3.6 in /local/kyang.4124791.0/env/lib/python3.8/site-packages (from multiprocess>=0.70.6->nonconvexAG==1.0.6+computecanada) (0.3.6+computecanada)
Requirement already satisfied: setuptools in /local/kyang.4124791.0/env/lib/python3.8/site-packages (from numba>=0.54.1->nonconvexAG==1.0.6+computecanada) (66.1.1)
Requirement already satisfied: llvmlite<0.40,>=0.39.0dev0 in /local/kyang.4124791.0/env/lib/python3.8/site-packages (from numba>=0.54.1->nonconvexAG==1.0.6+computecanada) (0.39.1+computecanada)
Requirement already satisfied: importlib-metadata in /cvmfs/soft.computecanada.ca/easybuild/software/2020/avx2/Core/scipy-stack/2022a/lib/python3.8/site-packages (from numba>=0.54.1->nonconvexAG==1.0.6+computecanada) (4.10.1+computecanada)
Requirement already satisfied: zipp>=0.5 in /cvmfs/soft.computecanada.ca/easybuild/software/2020/avx2/Core/scipy-stack/2022a/lib/python3.8/site-packages (from importlib-metadata->numba>=0.54.1->nonconvexAG==1.0.6+computecanada) (3.7.0+computecanada)
Installing collected packages: nonconvexAG
Successfully installed nonconvexAG-1.0.6+computecanada
Looking in links: /cvmfs/soft.computecanada.ca/custom/python/wheelhouse/gentoo/avx2, /cvmfs/soft.computecanada.ca/custom/python/wheelhouse/gentoo/generic, /cvmfs/soft.computecanada.ca/custom/python/wheelhouse/generic
Processing /home/kyang/fastHDMI-1.18.20+computecanada-py3-none-any.whl
Requirement already satisfied: numpy>=1.14.2 in /cvmfs/soft.computecanada.ca/easybuild/software/2020/avx2/Core/scipy-stack/2022a/lib/python3.8/site-packages (from fastHDMI==1.18.20+computecanada) (1.22.2+computecanada)
Requirement already satisfied: KDEpy>=1.1.0 in /local/kyang.4124791.0/env/lib/python3.8/site-packages (from fastHDMI==1.18.20+computecanada) (1.1.0+computecanada)
Requirement already satisfied: pyarrow>=8.0.0 in /cvmfs/soft.computecanada.ca/easybuild/software/2020/avx2/CUDA/gcc9/cuda11.0/arrow/10.0.1/lib/python3.8/site-packages/pyarrow-10.0.1-py3.8-linux-x86_64.egg (from fastHDMI==1.18.20+computecanada) (10.0.1)
Requirement already satisfied: scikit-learn>=1.0.2 in /local/kyang.4124791.0/env/lib/python3.8/site-packages (from fastHDMI==1.18.20+computecanada) (1.1.2+computecanada)
Requirement already satisfied: bed-reader in /local/kyang.4124791.0/env/lib/python3.8/site-packages (from fastHDMI==1.18.20+computecanada) (0.2.5+computecanada)
Processing /cvmfs/soft.computecanada.ca/custom/python/wheelhouse/generic/dask-2023.2.0+computecanada-py3-none-any.whl
Processing /cvmfs/soft.computecanada.ca/custom/python/wheelhouse/gentoo/avx2/pandas-1.5.3+computecanada-cp38-cp38-linux_x86_64.whl
Requirement already satisfied: numba>=0.54.1 in /local/kyang.4124791.0/env/lib/python3.8/site-packages (from fastHDMI==1.18.20+computecanada) (0.56.3+computecanada)
Requirement already satisfied: multiprocess>=0.70.6 in /local/kyang.4124791.0/env/lib/python3.8/site-packages (from fastHDMI==1.18.20+computecanada) (0.70.14+computecanada)
Processing /cvmfs/soft.computecanada.ca/custom/python/wheelhouse/generic/tqdm-4.64.1+computecanada-py2.py3-none-any.whl
Requirement already satisfied: packaging>=20.0 in /cvmfs/soft.computecanada.ca/easybuild/software/2020/avx2/Core/scipy-stack/2022a/lib/python3.8/site-packages (from dask>=2022.02.1->fastHDMI==1.18.20+computecanada) (21.3+computecanada)
Processing /cvmfs/soft.computecanada.ca/custom/python/wheelhouse/generic/fsspec-2023.1.0+computecanada-py3-none-any.whl
Processing /cvmfs/soft.computecanada.ca/custom/python/wheelhouse/generic/partd-1.3.0+computecanada-py3-none-any.whl
Processing /cvmfs/soft.computecanada.ca/custom/python/wheelhouse/gentoo/avx2/PyYAML-6.0+computecanada-cp38-cp38-linux_x86_64.whl
Processing /cvmfs/soft.computecanada.ca/custom/python/wheelhouse/generic/toolz-0.12.0+computecanada-py3-none-any.whl
Processing /cvmfs/soft.computecanada.ca/custom/python/wheelhouse/generic/click-8.1.3+computecanada-py3-none-any.whl
Processing /cvmfs/soft.computecanada.ca/custom/python/wheelhouse/generic/cloudpickle-2.2.1+computecanada-py3-none-any.whl
Requirement already satisfied: scipy>=1.0.1 in /cvmfs/soft.computecanada.ca/easybuild/software/2020/avx2/Core/scipy-stack/2022a/lib/python3.8/site-packages (from KDEpy>=1.1.0->fastHDMI==1.18.20+computecanada) (1.8.0+computecanada)
Requirement already satisfied: matplotlib>=2.2.0 in /cvmfs/soft.computecanada.ca/easybuild/software/2020/avx2/Core/scipy-stack/2022a/lib/python3.8/site-packages (from KDEpy>=1.1.0->fastHDMI==1.18.20+computecanada) (3.5.1+computecanada)
Requirement already satisfied: dill>=0.3.6 in /local/kyang.4124791.0/env/lib/python3.8/site-packages (from multiprocess>=0.70.6->fastHDMI==1.18.20+computecanada) (0.3.6+computecanada)
Requirement already satisfied: llvmlite<0.40,>=0.39.0dev0 in /local/kyang.4124791.0/env/lib/python3.8/site-packages (from numba>=0.54.1->fastHDMI==1.18.20+computecanada) (0.39.1+computecanada)
Requirement already satisfied: importlib-metadata in /cvmfs/soft.computecanada.ca/easybuild/software/2020/avx2/Core/scipy-stack/2022a/lib/python3.8/site-packages (from numba>=0.54.1->fastHDMI==1.18.20+computecanada) (4.10.1+computecanada)
Requirement already satisfied: setuptools in /local/kyang.4124791.0/env/lib/python3.8/site-packages (from numba>=0.54.1->fastHDMI==1.18.20+computecanada) (66.1.1)
Requirement already satisfied: python-dateutil>=2.8.1 in /local/kyang.4124791.0/env/lib/python3.8/site-packages (from pandas>=1.4.4->fastHDMI==1.18.20+computecanada) (2.8.2+computecanada)
Requirement already satisfied: pytz>=2020.1 in /cvmfs/soft.computecanada.ca/easybuild/software/2020/avx2/Core/scipy-stack/2022a/lib/python3.8/site-packages (from pandas>=1.4.4->fastHDMI==1.18.20+computecanada) (2021.3+computecanada)
Requirement already satisfied: threadpoolctl>=2.0.0 in /local/kyang.4124791.0/env/lib/python3.8/site-packages (from scikit-learn>=1.0.2->fastHDMI==1.18.20+computecanada) (3.1.0+computecanada)
Requirement already satisfied: joblib>=1.0.0 in /local/kyang.4124791.0/env/lib/python3.8/site-packages (from scikit-learn>=1.0.2->fastHDMI==1.18.20+computecanada) (1.2.0+computecanada)
Requirement already satisfied: pooch>=1.1.1 in /local/kyang.4124791.0/env/lib/python3.8/site-packages (from bed-reader->fastHDMI==1.18.20+computecanada) (1.6.0+computecanada)
Requirement already satisfied: cycler>=0.10 in /cvmfs/soft.computecanada.ca/easybuild/software/2020/avx2/Core/scipy-stack/2022a/lib/python3.8/site-packages (from matplotlib>=2.2.0->KDEpy>=1.1.0->fastHDMI==1.18.20+computecanada) (0.11.0+computecanada)
Requirement already satisfied: kiwisolver>=1.0.1 in /cvmfs/soft.computecanada.ca/easybuild/software/2020/avx2/Core/scipy-stack/2022a/lib/python3.8/site-packages (from matplotlib>=2.2.0->KDEpy>=1.1.0->fastHDMI==1.18.20+computecanada) (1.3.2+computecanada)
Requirement already satisfied: fonttools>=4.22.0 in /cvmfs/soft.computecanada.ca/easybuild/software/2020/avx2/Core/scipy-stack/2022a/lib/python3.8/site-packages (from matplotlib>=2.2.0->KDEpy>=1.1.0->fastHDMI==1.18.20+computecanada) (4.29.1+computecanada)
Requirement already satisfied: pillow>=6.2.0 in /cvmfs/soft.computecanada.ca/easybuild/software/2020/avx2/Core/scipy-stack/2022a/lib/python3.8/site-packages (from matplotlib>=2.2.0->KDEpy>=1.1.0->fastHDMI==1.18.20+computecanada) (9.0.1+computecanada)
Requirement already satisfied: pyparsing>=2.2.1 in /cvmfs/soft.computecanada.ca/easybuild/software/2020/avx2/Core/scipy-stack/2022a/lib/python3.8/site-packages (from matplotlib>=2.2.0->KDEpy>=1.1.0->fastHDMI==1.18.20+computecanada) (3.0.7+computecanada)
Processing /cvmfs/soft.computecanada.ca/custom/python/wheelhouse/generic/locket-1.0.0+computecanada-py2.py3-none-any.whl
Requirement already satisfied: requests>=2.19.0 in /cvmfs/soft.computecanada.ca/easybuild/software/2020/avx2/Core/scipy-stack/2022a/lib/python3.8/site-packages (from pooch>=1.1.1->bed-reader->fastHDMI==1.18.20+computecanada) (2.27.1+computecanada)
Requirement already satisfied: appdirs>=1.3.0 in /local/kyang.4124791.0/env/lib/python3.8/site-packages (from pooch>=1.1.1->bed-reader->fastHDMI==1.18.20+computecanada) (1.4.4+computecanada)
Requirement already satisfied: six>=1.5 in /local/kyang.4124791.0/env/lib/python3.8/site-packages (from python-dateutil>=2.8.1->pandas>=1.4.4->fastHDMI==1.18.20+computecanada) (1.16.0+computecanada)
Requirement already satisfied: zipp>=0.5 in /cvmfs/soft.computecanada.ca/easybuild/software/2020/avx2/Core/scipy-stack/2022a/lib/python3.8/site-packages (from importlib-metadata->numba>=0.54.1->fastHDMI==1.18.20+computecanada) (3.7.0+computecanada)
Requirement already satisfied: charset-normalizer~=2.0.0 in /cvmfs/soft.computecanada.ca/easybuild/software/2020/avx2/Core/scipy-stack/2022a/lib/python3.8/site-packages (from requests>=2.19.0->pooch>=1.1.1->bed-reader->fastHDMI==1.18.20+computecanada) (2.0.11+computecanada)
Requirement already satisfied: urllib3<1.27,>=1.21.1 in /cvmfs/soft.computecanada.ca/easybuild/software/2020/avx2/Core/scipy-stack/2022a/lib/python3.8/site-packages (from requests>=2.19.0->pooch>=1.1.1->bed-reader->fastHDMI==1.18.20+computecanada) (1.26.8+computecanada)
Requirement already satisfied: idna<4,>=2.5 in /cvmfs/soft.computecanada.ca/easybuild/software/2020/avx2/Core/scipy-stack/2022a/lib/python3.8/site-packages (from requests>=2.19.0->pooch>=1.1.1->bed-reader->fastHDMI==1.18.20+computecanada) (3.3+computecanada)
Requirement already satisfied: certifi>=2017.4.17 in /cvmfs/soft.computecanada.ca/easybuild/software/2020/avx2/Core/scipy-stack/2022a/lib/python3.8/site-packages (from requests>=2.19.0->pooch>=1.1.1->bed-reader->fastHDMI==1.18.20+computecanada) (2021.10.8+computecanada)
Installing collected packages: tqdm, toolz, pyyaml, locket, fsspec, cloudpickle, click, partd, pandas, dask, fastHDMI
  Attempting uninstall: pandas
    Found existing installation: pandas 1.4.0+computecanada
    Not uninstalling pandas at /cvmfs/soft.computecanada.ca/easybuild/software/2020/avx2/Core/scipy-stack/2022a/lib/python3.8/site-packages, outside environment /local/kyang.4124791.0/env
    Can't uninstall 'pandas'. No files were found to uninstall.
Successfully installed click-8.1.3+computecanada cloudpickle-2.2.1+computecanada dask-2023.2.0+computecanada fastHDMI-1.18.20+computecanada fsspec-2023.1.0+computecanada locket-1.0.0+computecanada pandas-1.5.3+computecanada partd-1.3.0+computecanada pyyaml-6.0+computecanada toolz-0.12.0+computecanada tqdm-4.64.1+computecanada
NVIDIA-SMI has failed because it couldn't communicate with the NVIDIA driver. Make sure that the latest NVIDIA driver is installed and running.

Architecture:        x86_64
CPU op-mode(s):      32-bit, 64-bit
Byte Order:          Little Endian
Address sizes:       46 bits physical, 48 bits virtual
CPU(s):              44
On-line CPU(s) list: 0-43
Thread(s) per core:  1
Core(s) per socket:  22
Socket(s):           2
NUMA node(s):        2
Vendor ID:           GenuineIntel
CPU family:          6
Model:               85
Model name:          Intel(R) Xeon(R) Gold 6238 CPU @ 2.10GHz
Stepping:            7
CPU MHz:             1091.271
CPU max MHz:         3700.0000
CPU min MHz:         1000.0000
BogoMIPS:            4200.00
Virtualization:      VT-x
L1d cache:           32K
L1i cache:           32K
L2 cache:            1024K
L3 cache:            30976K
NUMA node0 CPU(s):   0,2,4,6,8,10,12,14,16,18,20,22,24,26,28,30,32,34,36,38,40,42
NUMA node1 CPU(s):   1,3,5,7,9,11,13,15,17,19,21,23,25,27,29,31,33,35,37,39,41,43
Flags:               fpu vme de pse tsc msr pae mce cx8 apic sep mtrr pge mca cmov pat pse36 clflush dts acpi mmx fxsr sse sse2 ss ht tm pbe syscall nx pdpe1gb rdtscp lm constant_tsc art arch_perfmon pebs bts rep_good nopl xtopology nonstop_tsc aperfmperf eagerfpu pni pclmulqdq dtes64 monitor ds_cpl vmx smx est tm2 ssse3 sdbg fma cx16 xtpr pdcm pcid dca sse4_1 sse4_2 x2apic movbe popcnt tsc_deadline_timer aes xsave avx f16c rdrand lahf_lm abm 3dnowprefetch epb cat_l3 cdp_l3 invpcid_single intel_ppin ssbd mba rsb_ctxsw ibrs ibpb stibp ibrs_enhanced tpr_shadow vnmi flexpriority ept vpid fsgsbase tsc_adjust bmi1 hle avx2 smep bmi2 erms invpcid rtm cqm mpx rdt_a avx512f avx512dq rdseed adx smap clflushopt clwb intel_pt avx512cd avx512bw avx512vl xsaveopt xsavec xgetbv1 cqm_llc cqm_occup_llc cqm_mbm_total cqm_mbm_local dtherm ida arat pln pts pku ospke avx512_vnni md_clear spec_ctrl intel_stibp flush_l1d arch_capabilities
running ABIDE_age_MI_box_ISJ_LassoLarsCV.py
ABIDE_age_MI_box_ISJ_LassoLarsCV
  0%|          | 0/10 [00:00<?, ?it/s] 10%|█         | 1/10 [00:45<06:47, 45.28s/it] 20%|██        | 2/10 [02:17<09:44, 73.06s/it] 30%|███       | 3/10 [04:23<11:19, 97.10s/it] 40%|████      | 4/10 [07:05<12:16, 122.81s/it] 50%|█████     | 5/10 [10:30<12:42, 152.42s/it] 60%|██████    | 6/10 [14:47<12:32, 188.04s/it] 70%|███████   | 7/10 [19:37<11:03, 221.11s/it] 80%|████████  | 8/10 [25:11<08:34, 257.34s/it] 90%|█████████ | 9/10 [31:31<04:55, 295.67s/it]100%|██████████| 10/10 [38:53<00:00, 340.70s/it]100%|██████████| 10/10 [38:53<00:00, 233.34s/it]
